<?xml version="1.0" ?>
<coverage version="7.15.4" timestamp="1787413426320" lines-valid="2399" lines-covered="2201" line-rate="0.9175" branches-valid="234" branches-covered="177" branch-rate="0.7564" complexity="0">
	<!-- Generated by coverage.py: https://coverage.readthedocs.io/en/7.15.4 -->
	<!-- Based on https://raw.githubusercontent.com/cobertura/web/master/htdocs/xml/coverage-04.dtd -->
	<sources>
		<source>/home/ubuntu/mytemplate</source>
	</sources>
	<packages>
		<package name="." line-rate="0" branch-rate="1" complexity="0">
			<classes>
				<class name="wsgi.py" filename="wsgi.py" complexity="0" line-rate="0" branch-rate="1">
					<methods/>
					<lines>
						<line number="10" hits="0"/>
						<line number="12" hits="0"/>
						<line number="14" hits="0"/>
						<line number="15" hits="0"/>
					</lines>
				</class>
			</classes>
		</package>
		<package name="appname" line-rate="0.8235" branch-rate="0.5" complexity="0">
			<classes>
				<class name="__init__.py" filename="appname/__init__.py" complexity="0" line-rate="0.9054" branch-rate="0.7">
					<methods/>
					<lines>
						<line number="3" hits="1"/>
						<line number="4" hits="1"/>
						<line number="5" hits="1"/>
						<line number="6" hits="1"/>
						<line number="7" hits="1"/>
						<line number="9" hits="1"/>
						<line number="10" hits="1"/>
						<line number="11" hits="1"/>
						<line number="12" hits="1"/>
						<line number="13" hits="1"/>
						<line number="14" hits="1"/>
						<line number="15" hits="1"/>
						<line number="16" hits="1"/>
						<line number="17" hits="1"/>
						<line number="18" hits="1"/>
						<line number="19" hits="1"/>
						<line number="20" hits="1"/>
						<line number="21" hits="1"/>
						<line number="37" hits="1"/>
						<line number="38" hits="1"/>
						<line number="39" hits="1"/>
						<line number="42" hits="1"/>
						<line number="52" hits="1"/>
						<line number="53" hits="1"/>
						<line number="56" hits="1"/>
						<line number="59" hits="1"/>
						<line number="62" hits="1"/>
						<line number="65" hits="1"/>
						<line number="68" hits="1"/>
						<line number="71" hits="1"/>
						<line number="74" hits="1"/>
						<line number="77" hits="1"/>
						<line number="79" hits="1"/>
						<line number="80" hits="1"/>
						<line number="81" hits="1"/>
						<line number="82" hits="1"/>
						<line number="83" hits="1"/>
						<line number="84" hits="1"/>
						<line number="86" hits="1" branch="true" condition-coverage="50% (1/2)" missing-branches="87"/>
						<line number="87" hits="0"/>
						<line number="93" hits="0"/>
						<line number="94" hits="0"/>
						<line number="95" hits="0"/>
						<line number="100" hits="1"/>
						<line number="101" hits="1"/>
						<line number="102" hits="1" branch="true" condition-coverage="100% (2/2)"/>
						<line number="103" hits="1"/>
						<line number="104" hits="1"/>
						<line number="106" hits="1"/>
						<line number="107" hits="1"/>
						<line number="108" hits="0" branch="true" condition-coverage="0% (0/2)" missing-branches="109,110"/>
						<line number="109" hits="0"/>
						<line number="110" hits="0"/>
						<line number="112" hits="1"/>
						<line number="113" hits="1"/>
						<line number="127" hits="1"/>
						<line number="128" hits="1"/>
						<line number="129" hits="1" branch="true" condition-coverage="100% (2/2)"/>
						<line number="130" hits="1"/>
						<line number="133" hits="1"/>
						<line number="147" hits="1"/>
						<line number="148" hits="1"/>
						<line number="149" hits="1"/>
						<line number="150" hits="1"/>
						<line number="151" hits="1"/>
						<line number="154" hits="1" branch="true" condition-coverage="100% (2/2)"/>
						<line number="155" hits="1"/>
						<line number="158" hits="1"/>
						<line number="159" hits="1"/>
						<line number="161" hits="1"/>
						<line number="162" hits="1"/>
						<line number="165" hits="1"/>
						<line number="166" hits="1"/>
						<line number="171" hits="1"/>
					</lines>
				</class>
				<class name="admin.py" filename="appname/admin.py" complexity="0" line-rate="0.8125" branch-rate="1">
					<methods/>
					<lines>
						<line number="1" hits="1"/>
						<line number="2" hits="1"/>
						<line number="3" hits="1"/>
						<line number="4" hits="1"/>
						<line number="5" hits="1"/>
						<line number="7" hits="1"/>
						<line number="8" hits="1"/>
						<line number="15" hits="1"/>
						<line number="16" hits="1"/>
						<line number="17" hits="0"/>
						<line number="19" hits="1"/>
						<line number="21" hits="0"/>
						<line number="23" hits="1"/>
						<line number="24" hits="1"/>
						<line number="25" hits="0"/>
						<line number="26" hits="0"/>
						<line number="27" hits="0"/>
						<line number="28" hits="0"/>
						<line number="29" hits="0"/>
						<line number="32" hits="1"/>
						<line number="33" hits="1"/>
						<line number="36" hits="1"/>
						<line number="37" hits="0"/>
						<line number="39" hits="1"/>
						<line number="41" hits="0"/>
						<line number="43" hits="1"/>
						<line number="44" hits="1"/>
						<line number="45" hits="1"/>
						<line number="47" hits="1"/>
						<line number="48" hits="1"/>
						<line number="50" hits="1"/>
						<line number="51" hits="1"/>
						<line number="52" hits="1"/>
						<line number="53" hits="1"/>
						<line number="54" hits="1"/>
						<line number="55" hits="1"/>
						<line number="57" hits="1"/>
						<line number="58" hits="1"/>
						<line number="59" hits="1"/>
						<line number="60" hits="1"/>
						<line number="61" hits="1"/>
						<line number="62" hits="1"/>
						<line number="64" hits="1"/>
						<line number="65" hits="1"/>
						<line number="66" hits="1"/>
						<line number="69" hits="1"/>
						<line number="73" hits="1"/>
						<line number="74" hits="1"/>
					</lines>
				</class>
				<class name="assets.py" filename="appname/assets.py" complexity="0" line-rate="1" branch-rate="1">
					<methods/>
					<lines>
						<line number="1" hits="1"/>
						<line number="3" hits="1"/>
						<line number="12" hits="1"/>
						<line number="23" hits="1"/>
						<line number="29" hits="1"/>
						<line number="35" hits="1"/>
						<line number="42" hits="1"/>
						<line number="52" hits="1"/>
						<line number="57" hits="1"/>
					</lines>
				</class>
				<class name="billing_plans.py" filename="appname/billing_plans.py" complexity="0" line-rate="0.8837" branch-rate="0.5">
					<methods/>
					<lines>
						<line number="1" hits="1"/>
						<line number="2" hits="1"/>
						<line number="4" hits="1"/>
						<line number="5" hits="1"/>
						<line number="7" hits="1"/>
						<line number="9" hits="1"/>
						<line number="10" hits="1"/>
						<line number="12" hits="1"/>
						<line number="13" hits="1"/>
						<line number="14" hits="1"/>
						<line number="15" hits="1"/>
						<line number="16" hits="1"/>
						<line number="17" hits="1"/>
						<line number="19" hits="1"/>
						<line number="20" hits="1"/>
						<line number="22" hits="1"/>
						<line number="23" hits="1"/>
						<line number="24" hits="1"/>
						<line number="25" hits="1"/>
						<line number="27" hits="1"/>
						<line number="28" hits="1"/>
						<line number="29" hits="0" branch="true" condition-coverage="0% (0/2)" missing-branches="30,32"/>
						<line number="30" hits="0"/>
						<line number="32" hits="0"/>
						<line number="34" hits="1"/>
						<line number="35" hits="1"/>
						<line number="36" hits="0"/>
						<line number="38" hits="1"/>
						<line number="40" hits="1" branch="true" condition-coverage="50% (1/2)" missing-branches="exit"/>
						<line number="42" hits="1"/>
						<line number="43" hits="1"/>
						<line number="45" hits="1" branch="true" condition-coverage="100% (2/2)"/>
						<line number="46" hits="1"/>
						<line number="47" hits="1"/>
						<line number="48" hits="1"/>
						<line number="50" hits="1"/>
						<line number="51" hits="1"/>
						<line number="52" hits="1"/>
						<line number="54" hits="1"/>
						<line number="55" hits="1"/>
						<line number="56" hits="0"/>
						<line number="58" hits="1"/>
						<line number="59" hits="1"/>
						<line number="60" hits="0"/>
						<line number="62" hits="1"/>
						<line number="63" hits="1"/>
						<line number="64" hits="1"/>
						<line number="65" hits="1"/>
						<line number="66" hits="1"/>
						<line number="67" hits="1"/>
						<line number="69" hits="1"/>
						<line number="70" hits="1"/>
						<line number="71" hits="1"/>
						<line number="73" hits="1"/>
						<line number="74" hits="1"/>
						<line number="75" hits="1"/>
						<line number="77" hits="1"/>
						<line number="78" hits="1"/>
						<line number="79" hits="1"/>
						<line number="80" hits="1"/>
						<line number="81" hits="1"/>
						<line number="83" hits="1"/>
						<line number="84" hits="1"/>
						<line number="85" hits="0"/>
						<line number="87" hits="1"/>
						<line number="88" hits="1"/>
						<line number="89" hits="0"/>
						<line number="91" hits="1"/>
						<line number="92" hits="1"/>
						<line number="93" hits="1"/>
						<line number="94" hits="1"/>
						<line number="96" hits="1"/>
						<line number="97" hits="1"/>
						<line number="98" hits="1"/>
						<line number="99" hits="1"/>
						<line number="100" hits="1"/>
						<line number="102" hits="1"/>
						<line number="103" hits="1"/>
						<line number="104" hits="0"/>
						<line number="106" hits="1"/>
						<line number="107" hits="1"/>
						<line number="108" hits="0"/>
						<line number="110" hits="1"/>
						<line number="111" hits="1"/>
						<line number="112" hits="1"/>
						<line number="116" hits="1"/>
					</lines>
				</class>
				<class name="constants.py" filename="appname/constants.py" complexity="0" line-rate="1" branch-rate="1">
					<methods/>
					<lines>
						<line number="2" hits="1"/>
						<line number="4" hits="1"/>
						<line number="5" hits="1"/>
						<line number="6" hits="1"/>
						<line number="9" hits="1"/>
						<line number="11" hits="1"/>
						<line number="14" hits="1"/>
						<line number="16" hits="1"/>
						<line number="17" hits="1"/>
					</lines>
				</class>
				<class name="converter.py" filename="appname/converter.py" complexity="0" line-rate="0.68" branch-rate="1">
					<methods/>
					<lines>
						<line number="1" hits="1"/>
						<line number="3" hits="1"/>
						<line number="6" hits="1"/>
						<line number="7" hits="1"/>
						<line number="8" hits="0"/>
						<line number="9" hits="0"/>
						<line number="10" hits="0"/>
						<line number="11" hits="0"/>
						<line number="13" hits="1"/>
						<line number="14" hits="0"/>
						<line number="16" hits="1"/>
						<line number="17" hits="0"/>
						<line number="19" hits="1"/>
						<line number="20" hits="1"/>
						<line number="21" hits="1"/>
						<line number="22" hits="1"/>
						<line number="23" hits="0"/>
						<line number="24" hits="0"/>
						<line number="26" hits="1"/>
						<line number="27" hits="1"/>
						<line number="29" hits="1"/>
						<line number="30" hits="1"/>
						<line number="31" hits="1"/>
						<line number="32" hits="1"/>
						<line number="35" hits="1"/>
					</lines>
				</class>
				<class name="extensions.py" filename="appname/extensions.py" complexity="0" line-rate="1" branch-rate="1">
					<methods/>
					<lines>
						<line number="5" hits="1"/>
						<line number="6" hits="1"/>
						<line number="7" hits="1"/>
						<line number="8" hits="1"/>
						<line number="9" hits="1"/>
						<line number="10" hits="1"/>
						<line number="11" hits="1"/>
						<line number="12" hits="1"/>
						<line number="13" hits="1"/>
						<line number="16" hits="1"/>
						<line number="18" hits="1"/>
						<line number="19" hits="1"/>
						<line number="20" hits="1"/>
						<line number="21" hits="1"/>
						<line number="22" hits="1"/>
						<line number="25" hits="1"/>
						<line number="28" hits="1"/>
						<line number="30" hits="1"/>
						<line number="31" hits="1"/>
						<line number="33" hits="1"/>
						<line number="34" hits="1"/>
						<line number="35" hits="1"/>
						<line number="36" hits="1"/>
						<line number="40" hits="1"/>
						<line number="41" hits="1"/>
						<line number="44" hits="1"/>
						<line number="46" hits="1"/>
						<line number="49" hits="1"/>
						<line number="50" hits="1"/>
						<line number="51" hits="1"/>
						<line number="52" hits="1"/>
						<line number="53" hits="1"/>
						<line number="54" hits="1"/>
						<line number="55" hits="1"/>
						<line number="56" hits="1"/>
					</lines>
				</class>
				<class name="roles.py" filename="appname/roles.py" complexity="0" line-rate="0" branch-rate="0">
					<methods/>
					<lines>
						<line number="2" hits="0"/>
						<line number="3" hits="0"/>
						<line number="5" hits="0"/>
						<line number="8" hits="0"/>
						<line number="9" hits="0"/>
						<line number="10" hits="0"/>
						<line number="11" hits="0"/>
						<line number="13" hits="0"/>
						<line number="14" hits="0"/>
						<line number="15" hits="0"/>
						<line number="16" hits="0" branch="true" condition-coverage="0% (0/2)" missing-branches="17,18"/>
						<line number="17" hits="0"/>
						<line number="18" hits="0"/>
						<line number="20" hits="0"/>
						<line number="21" hits="0"/>
						<line number="22" hits="0" branch="true" condition-coverage="0% (0/2)" missing-branches="23,24"/>
						<line number="23" hits="0"/>
						<line number="24" hits="0"/>
						<line number="25" hits="0"/>
						<line number="26" hits="0"/>
					</lines>
				</class>
			</classes>
		</package>
		<package name="appname.api" line-rate="0.9405" branch-rate="0.8333" complexity="0">
			<classes>
				<class name="__init__.py" filename="appname/api/__init__.py" complexity="0" line-rate="0.9184" branch-rate="0.8">
					<methods/>
					<lines>
						<line number="1" hits="1"/>
						<line number="2" hits="1"/>
						<line number="3" hits="1"/>
						<line number="4" hits="1"/>
						<line number="6" hits="1"/>
						<line number="7" hits="1"/>
						<line number="9" hits="1"/>
						<line number="10" hits="1"/>
						<line number="12" hits="1"/>
						<line number="14" hits="1"/>
						<line number="15" hits="1"/>
						<line number="17" hits="1"/>
						<line number="18" hits="1"/>
						<line number="26" hits="1" branch="true" condition-coverage="100% (2/2)"/>
						<line number="27" hits="1"/>
						<line number="28" hits="1"/>
						<line number="29" hits="1" branch="true" condition-coverage="50% (1/2)" missing-branches="30"/>
						<line number="30" hits="0"/>
						<line number="31" hits="0"/>
						<line number="32" hits="1"/>
						<line number="37" hits="1"/>
						<line number="39" hits="1"/>
						<line number="40" hits="1"/>
						<line number="42" hits="1" branch="true" condition-coverage="100% (2/2)"/>
						<line number="43" hits="1"/>
						<line number="46" hits="1"/>
						<line number="47" hits="1" branch="true" condition-coverage="100% (2/2)"/>
						<line number="48" hits="1"/>
						<line number="49" hits="1"/>
						<line number="50" hits="1"/>
						<line number="51" hits="1" branch="true" condition-coverage="50% (1/2)" missing-branches="exit"/>
						<line number="52" hits="1"/>
						<line number="54" hits="1"/>
						<line number="55" hits="1"/>
						<line number="60" hits="1"/>
						<line number="61" hits="1"/>
						<line number="63" hits="1"/>
						<line number="64" hits="1"/>
						<line number="66" hits="1"/>
						<line number="67" hits="1"/>
						<line number="68" hits="1"/>
						<line number="74" hits="1"/>
						<line number="75" hits="0"/>
						<line number="78" hits="1"/>
						<line number="83" hits="1"/>
						<line number="85" hits="1"/>
						<line number="86" hits="1"/>
						<line number="88" hits="1"/>
						<line number="89" hits="0"/>
					</lines>
				</class>
				<class name="info.py" filename="appname/api/info.py" complexity="0" line-rate="1" branch-rate="1">
					<methods/>
					<lines>
						<line number="1" hits="1"/>
						<line number="3" hits="1"/>
						<line number="6" hits="1"/>
						<line number="7" hits="1"/>
						<line number="14" hits="1"/>
						<line number="15" hits="1"/>
						<line number="17" hits="1"/>
						<line number="18" hits="1"/>
						<line number="19" hits="1"/>
					</lines>
				</class>
				<class name="resources.py" filename="appname/api/resources.py" complexity="0" line-rate="0.9286" branch-rate="1">
					<methods/>
					<lines>
						<line number="1" hits="1"/>
						<line number="3" hits="1"/>
						<line number="4" hits="1"/>
						<line number="5" hits="1"/>
						<line number="8" hits="1"/>
						<line number="9" hits="1"/>
						<line number="12" hits="1"/>
						<line number="13" hits="1"/>
						<line number="14" hits="1"/>
						<line number="16" hits="1"/>
						<line number="17" hits="1"/>
						<line number="18" hits="0"/>
						<line number="20" hits="1"/>
						<line number="21" hits="1"/>
					</lines>
				</class>
				<class name="user.py" filename="appname/api/user.py" complexity="0" line-rate="1" branch-rate="1">
					<methods/>
					<lines>
						<line number="1" hits="1"/>
						<line number="2" hits="1"/>
						<line number="4" hits="1"/>
						<line number="7" hits="1"/>
						<line number="8" hits="1"/>
						<line number="14" hits="1"/>
						<line number="15" hits="1"/>
						<line number="17" hits="1"/>
						<line number="18" hits="1"/>
						<line number="19" hits="1" branch="true" condition-coverage="100% (2/2)"/>
						<line number="20" hits="1"/>
						<line number="21" hits="1"/>
					</lines>
				</class>
			</classes>
		</package>
		<package name="appname.controllers" line-rate="0.7912" branch-rate="0.75" complexity="0">
			<classes>
				<class name="__init__.py" filename="appname/controllers/__init__.py" complexity="0" line-rate="1" branch-rate="1">
					<methods/>
					<lines/>
				</class>
				<class name="auth.py" filename="appname/controllers/auth.py" complexity="0" line-rate="0.8862" branch-rate="0.7353">
					<methods/>
					<lines>
						<line number="1" hits="1"/>
						<line number="11" hits="1"/>
						<line number="13" hits="1"/>
						<line number="14" hits="1"/>
						<line number="15" hits="1"/>
						<line number="16" hits="1"/>
						<line number="22" hits="1"/>
						<line number="23" hits="1"/>
						<line number="24" hits="1"/>
						<line number="25" hits="1"/>
						<line number="27" hits="1"/>
						<line number="29" hits="1"/>
						<line number="30" hits="1"/>
						<line number="31" hits="0"/>
						<line number="32" hits="0"/>
						<line number="33" hits="0"/>
						<line number="34" hits="0"/>
						<line number="35" hits="0"/>
						<line number="37" hits="1"/>
						<line number="38" hits="1"/>
						<line number="39" hits="1"/>
						<line number="40" hits="1"/>
						<line number="41" hits="1"/>
						<line number="43" hits="1"/>
						<line number="44" hits="1"/>
						<line number="45" hits="1"/>
						<line number="46" hits="1" branch="true" condition-coverage="50% (1/2)" missing-branches="47"/>
						<line number="47" hits="0"/>
						<line number="49" hits="1"/>
						<line number="51" hits="1" branch="true" condition-coverage="100% (2/2)"/>
						<line number="52" hits="1"/>
						<line number="53" hits="1"/>
						<line number="54" hits="1"/>
						<line number="56" hits="1"/>
						<line number="57" hits="1"/>
						<line number="59" hits="1"/>
						<line number="61" hits="1"/>
						<line number="62" hits="1"/>
						<line number="63" hits="1"/>
						<line number="64" hits="1" branch="true" condition-coverage="50% (1/2)" missing-branches="65"/>
						<line number="65" hits="0"/>
						<line number="67" hits="1"/>
						<line number="69" hits="1" branch="true" condition-coverage="100% (2/2)"/>
						<line number="70" hits="1"/>
						<line number="71" hits="1"/>
						<line number="74" hits="1"/>
						<line number="77" hits="0"/>
						<line number="78" hits="0"/>
						<line number="81" hits="1"/>
						<line number="82" hits="1"/>
						<line number="83" hits="1"/>
						<line number="84" hits="1"/>
						<line number="86" hits="1" branch="true" condition-coverage="50% (1/2)" missing-branches="90"/>
						<line number="88" hits="1"/>
						<line number="90" hits="1"/>
						<line number="91" hits="1"/>
						<line number="93" hits="1"/>
						<line number="95" hits="1"/>
						<line number="96" hits="1"/>
						<line number="97" hits="1"/>
						<line number="98" hits="1"/>
						<line number="99" hits="1"/>
						<line number="101" hits="1"/>
						<line number="102" hits="1"/>
						<line number="103" hits="1" branch="true" condition-coverage="50% (1/2)" missing-branches="104"/>
						<line number="104" hits="0"/>
						<line number="106" hits="1"/>
						<line number="107" hits="1"/>
						<line number="108" hits="1"/>
						<line number="109" hits="1"/>
						<line number="111" hits="1" branch="true" condition-coverage="100% (2/2)"/>
						<line number="113" hits="1"/>
						<line number="115" hits="1"/>
						<line number="116" hits="1" branch="true" condition-coverage="50% (1/2)" missing-branches="117"/>
						<line number="117" hits="0"/>
						<line number="118" hits="1"/>
						<line number="119" hits="1"/>
						<line number="121" hits="1" branch="true" condition-coverage="100% (2/2)"/>
						<line number="122" hits="1"/>
						<line number="123" hits="1"/>
						<line number="125" hits="1"/>
						<line number="126" hits="1"/>
						<line number="129" hits="1"/>
						<line number="130" hits="1"/>
						<line number="131" hits="1"/>
						<line number="132" hits="1"/>
						<line number="133" hits="1" branch="true" condition-coverage="50% (1/2)" missing-branches="134"/>
						<line number="134" hits="0"/>
						<line number="135" hits="1" branch="true" condition-coverage="50% (1/2)" missing-branches="136"/>
						<line number="136" hits="0"/>
						<line number="138" hits="1"/>
						<line number="139" hits="1" branch="true" condition-coverage="100% (2/2)"/>
						<line number="140" hits="1" branch="true" condition-coverage="50% (1/2)" missing-branches="144"/>
						<line number="141" hits="1"/>
						<line number="144" hits="1"/>
						<line number="146" hits="1"/>
						<line number="194" hits="1"/>
						<line number="195" hits="1"/>
						<line number="196" hits="1"/>
						<line number="198" hits="1" branch="true" condition-coverage="50% (1/2)" missing-branches="204"/>
						<line number="199" hits="1"/>
						<line number="200" hits="1"/>
						<line number="202" hits="1"/>
						<line number="203" hits="1"/>
						<line number="204" hits="0"/>
						<line number="206" hits="1"/>
						<line number="207" hits="1"/>
						<line number="208" hits="1"/>
						<line number="209" hits="1"/>
						<line number="210" hits="1" branch="true" condition-coverage="100% (2/2)"/>
						<line number="211" hits="1"/>
						<line number="213" hits="1"/>
						<line number="214" hits="1"/>
						<line number="216" hits="1"/>
						<line number="217" hits="1"/>
						<line number="218" hits="1"/>
						<line number="219" hits="1"/>
						<line number="220" hits="1" branch="true" condition-coverage="100% (2/2)"/>
						<line number="221" hits="1"/>
						<line number="223" hits="1" branch="true" condition-coverage="100% (2/2)"/>
						<line number="224" hits="1"/>
						<line number="226" hits="1"/>
						<line number="227" hits="1"/>
					</lines>
				</class>
				<class name="main.py" filename="appname/controllers/main.py" complexity="0" line-rate="0.85" branch-rate="1">
					<methods/>
					<lines>
						<line number="1" hits="1"/>
						<line number="2" hits="1"/>
						<line number="3" hits="1"/>
						<line number="5" hits="1"/>
						<line number="7" hits="1"/>
						<line number="9" hits="1"/>
						<line number="10" hits="1"/>
						<line number="11" hits="1" branch="true" condition-coverage="100% (2/2)"/>
						<line number="12" hits="1"/>
						<line number="13" hits="1"/>
						<line number="15" hits="1"/>
						<line number="16" hits="1"/>
						<line number="17" hits="0"/>
						<line number="19" hits="1"/>
						<line number="20" hits="1"/>
						<line number="21" hits="0"/>
						<line number="23" hits="1"/>
						<line number="24" hits="1"/>
						<line number="25" hits="1"/>
						<line number="26" hits="0"/>
					</lines>
				</class>
				<class name="realtime.py" filename="appname/controllers/realtime.py" complexity="0" line-rate="0" branch-rate="1">
					<methods/>
					<lines>
						<line number="1" hits="0"/>
						<line number="2" hits="0"/>
						<line number="4" hits="0"/>
						<line number="7" hits="0"/>
						<line number="8" hits="0"/>
						<line number="9" hits="0"/>
						<line number="12" hits="0"/>
						<line number="13" hits="0"/>
						<line number="14" hits="0"/>
						<line number="17" hits="0"/>
						<line number="18" hits="0"/>
						<line number="19" hits="0"/>
						<line number="20" hits="0"/>
						<line number="21" hits="0"/>
						<line number="22" hits="0"/>
						<line number="24" hits="0"/>
						<line number="25" hits="0"/>
						<line number="26" hits="0"/>
						<line number="27" hits="0"/>
						<line number="28" hits="0"/>
						<line number="29" hits="0"/>
					</lines>
				</class>
				<class name="store.py" filename="appname/controllers/store.py" complexity="0" line-rate="1" branch-rate="1">
					<methods/>
					<lines>
						<line number="1" hits="1"/>
						<line number="2" hits="1"/>
						<line number="4" hits="1"/>
						<line number="5" hits="1"/>
						<line number="6" hits="1"/>
						<line number="8" hits="1"/>
						<line number="10" hits="1"/>
						<line number="11" hits="1"/>
						<line number="12" hits="1"/>
						<line number="15" hits="1"/>
						<line number="16" hits="1"/>
						<line number="17" hits="1"/>
						<line number="19" hits="1"/>
						<line number="24" hits="1"/>
						<line number="31" hits="1"/>
						<line number="32" hits="1"/>
						<line number="34" hits="1"/>
						<line number="36" hits="1"/>
					</lines>
				</class>
			</classes>
		</package>
		<package name="appname.controllers.admin" line-rate="1" branch-rate="0.75" complexity="0">
			<classes>
				<class name="__init__.py" filename="appname/controllers/admin/__init__.py" complexity="0" line-rate="1" branch-rate="1">
					<methods/>
					<lines/>
				</class>
				<class name="jobs.py" filename="appname/controllers/admin/jobs.py" complexity="0" line-rate="1" branch-rate="0.75">
					<methods/>
					<lines>
						<line number="1" hits="1"/>
						<line number="2" hits="1"/>
						<line number="3" hits="1"/>
						<line number="5" hits="1"/>
						<line number="7" hits="1"/>
						<line number="8" hits="1"/>
						<line number="9" hits="1" branch="true" condition-coverage="100% (2/2)"/>
						<line number="10" hits="1"/>
						<line number="11" hits="1" branch="true" condition-coverage="50% (1/2)" missing-branches="exit"/>
						<line number="12" hits="1"/>
					</lines>
				</class>
			</classes>
		</package>
		<package name="appname.controllers.dashboard" line-rate="0.9812" branch-rate="0.92" complexity="0">
			<classes>
				<class name="__init__.py" filename="appname/controllers/dashboard/__init__.py" complexity="0" line-rate="1" branch-rate="1">
					<methods/>
					<lines>
						<line number="1" hits="1"/>
						<line number="2" hits="1"/>
						<line number="3" hits="1"/>
						<line number="5" hits="1"/>
					</lines>
				</class>
				<class name="files.py" filename="appname/controllers/dashboard/files.py" complexity="0" line-rate="0.9677" branch-rate="0.85">
					<methods/>
					<lines>
						<line number="1" hits="1"/>
						<line number="2" hits="1"/>
						<line number="4" hits="1"/>
						<line number="5" hits="1"/>
						<line number="6" hits="1"/>
						<line number="7" hits="1"/>
						<line number="8" hits="1"/>
						<line number="10" hits="1"/>
						<line number="12" hits="1"/>
						<line number="13" hits="1"/>
						<line number="15" hits="1" branch="true" condition-coverage="100% (2/2)"/>
						<line number="16" hits="1"/>
						<line number="17" hits="1"/>
						<line number="19" hits="1"/>
						<line number="20" hits="1"/>
						<line number="21" hits="1"/>
						<line number="22" hits="1"/>
						<line number="23" hits="1"/>
						<line number="24" hits="1" branch="true" condition-coverage="100% (2/2)"/>
						<line number="25" hits="1"/>
						<line number="26" hits="1"/>
						<line number="28" hits="1"/>
						<line number="29" hits="1"/>
						<line number="30" hits="1"/>
						<line number="31" hits="1"/>
						<line number="32" hits="1" branch="true" condition-coverage="100% (2/2)"/>
						<line number="33" hits="1"/>
						<line number="34" hits="1"/>
						<line number="36" hits="1" branch="true" condition-coverage="100% (2/2)"/>
						<line number="37" hits="1"/>
						<line number="39" hits="1"/>
						<line number="42" hits="1"/>
						<line number="43" hits="1"/>
						<line number="45" hits="1"/>
						<line number="46" hits="1"/>
						<line number="48" hits="1"/>
						<line number="49" hits="1"/>
						<line number="50" hits="1"/>
						<line number="51" hits="1"/>
						<line number="52" hits="1" branch="true" condition-coverage="50% (1/2)" missing-branches="53"/>
						<line number="53" hits="0"/>
						<line number="54" hits="1"/>
						<line number="55" hits="1" branch="true" condition-coverage="50% (1/2)" missing-branches="60"/>
						<line number="56" hits="1"/>
						<line number="58" hits="1" branch="true" condition-coverage="100% (2/2)"/>
						<line number="59" hits="1"/>
						<line number="60" hits="1"/>
						<line number="62" hits="1"/>
						<line number="63" hits="1"/>
						<line number="64" hits="1"/>
						<line number="65" hits="1"/>
						<line number="66" hits="1" branch="true" condition-coverage="100% (2/2)"/>
						<line number="67" hits="1"/>
						<line number="68" hits="1"/>
						<line number="69" hits="1" branch="true" condition-coverage="50% (1/2)" missing-branches="76"/>
						<line number="70" hits="1"/>
						<line number="71" hits="1"/>
						<line number="72" hits="1"/>
						<line number="73" hits="1" branch="true" condition-coverage="100% (2/2)"/>
						<line number="74" hits="1"/>
						<line number="75" hits="1"/>
						<line number="76" hits="0"/>
					</lines>
				</class>
				<class name="home.py" filename="appname/controllers/dashboard/home.py" complexity="0" line-rate="1" branch-rate="1">
					<methods/>
					<lines>
						<line number="1" hits="1"/>
						<line number="2" hits="1"/>
						<line number="4" hits="1"/>
						<line number="5" hits="1"/>
						<line number="7" hits="1"/>
						<line number="9" hits="1"/>
						<line number="10" hits="1"/>
						<line number="11" hits="1"/>
						<line number="12" hits="1" branch="true" condition-coverage="100% (2/2)"/>
						<line number="13" hits="1"/>
						<line number="15" hits="1"/>
						<line number="16" hits="1"/>
						<line number="18" hits="1"/>
						<line number="19" hits="1"/>
						<line number="20" hits="1"/>
						<line number="21" hits="1"/>
						<line number="22" hits="1" branch="true" condition-coverage="100% (2/2)"/>
						<line number="23" hits="1"/>
						<line number="24" hits="1"/>
					</lines>
				</class>
				<class name="team.py" filename="appname/controllers/dashboard/team.py" complexity="0" line-rate="0.9867" branch-rate="0.9615">
					<methods/>
					<lines>
						<line number="1" hits="1"/>
						<line number="2" hits="1"/>
						<line number="4" hits="1"/>
						<line number="5" hits="1"/>
						<line number="6" hits="1"/>
						<line number="7" hits="1"/>
						<line number="8" hits="1"/>
						<line number="10" hits="1"/>
						<line number="12" hits="1"/>
						<line number="13" hits="1"/>
						<line number="15" hits="1" branch="true" condition-coverage="100% (2/2)"/>
						<line number="16" hits="1"/>
						<line number="17" hits="1"/>
						<line number="19" hits="1"/>
						<line number="20" hits="1"/>
						<line number="21" hits="1"/>
						<line number="22" hits="1"/>
						<line number="23" hits="1"/>
						<line number="24" hits="1" branch="true" condition-coverage="100% (2/2)"/>
						<line number="25" hits="1"/>
						<line number="26" hits="1"/>
						<line number="28" hits="1"/>
						<line number="29" hits="1"/>
						<line number="30" hits="1"/>
						<line number="31" hits="1"/>
						<line number="32" hits="1" branch="true" condition-coverage="100% (2/2)"/>
						<line number="33" hits="1"/>
						<line number="34" hits="1"/>
						<line number="36" hits="1" branch="true" condition-coverage="100% (2/2)"/>
						<line number="37" hits="1" branch="true" condition-coverage="100% (2/2)"/>
						<line number="38" hits="1"/>
						<line number="39" hits="1"/>
						<line number="40" hits="1"/>
						<line number="41" hits="1" branch="true" condition-coverage="100% (2/2)"/>
						<line number="42" hits="1"/>
						<line number="43" hits="1"/>
						<line number="45" hits="1"/>
						<line number="46" hits="1"/>
						<line number="48" hits="1"/>
						<line number="49" hits="1"/>
						<line number="51" hits="1"/>
						<line number="52" hits="1"/>
						<line number="53" hits="1"/>
						<line number="54" hits="1"/>
						<line number="55" hits="1" branch="true" condition-coverage="100% (2/2)"/>
						<line number="56" hits="1"/>
						<line number="57" hits="1"/>
						<line number="58" hits="1" branch="true" condition-coverage="100% (2/2)"/>
						<line number="59" hits="1"/>
						<line number="60" hits="1"/>
						<line number="62" hits="1"/>
						<line number="63" hits="1"/>
						<line number="64" hits="1"/>
						<line number="65" hits="1"/>
						<line number="66" hits="1"/>
						<line number="68" hits="1" branch="true" condition-coverage="100% (2/2)"/>
						<line number="69" hits="1"/>
						<line number="71" hits="1"/>
						<line number="72" hits="1" branch="true" condition-coverage="100% (2/2)"/>
						<line number="73" hits="1"/>
						<line number="74" hits="1" branch="true" condition-coverage="100% (2/2)"/>
						<line number="75" hits="1"/>
						<line number="76" hits="1"/>
						<line number="77" hits="1" branch="true" condition-coverage="100% (2/2)"/>
						<line number="78" hits="1"/>
						<line number="79" hits="1"/>
						<line number="81" hits="1"/>
						<line number="82" hits="1"/>
						<line number="83" hits="1"/>
						<line number="84" hits="1"/>
						<line number="85" hits="1" branch="true" condition-coverage="50% (1/2)" missing-branches="88"/>
						<line number="86" hits="1"/>
						<line number="88" hits="0"/>
						<line number="90" hits="1"/>
						<line number="91" hits="1"/>
					</lines>
				</class>
			</classes>
		</package>
		<package name="appname.controllers.oauth" line-rate="0.2727" branch-rate="0" complexity="0">
			<classes>
				<class name="__init__.py" filename="appname/controllers/oauth/__init__.py" complexity="0" line-rate="1" branch-rate="1">
					<methods/>
					<lines>
						<line number="1" hits="1"/>
					</lines>
				</class>
				<class name="google.py" filename="appname/controllers/oauth/google.py" complexity="0" line-rate="0.2593" branch-rate="0">
					<methods/>
					<lines>
						<line number="2" hits="1"/>
						<line number="3" hits="1"/>
						<line number="4" hits="1"/>
						<line number="5" hits="1"/>
						<line number="6" hits="1"/>
						<line number="7" hits="1"/>
						<line number="9" hits="1"/>
						<line number="10" hits="1"/>
						<line number="11" hits="1"/>
						<line number="13" hits="1"/>
						<line number="20" hits="1"/>
						<line number="21" hits="1"/>
						<line number="22" hits="0" branch="true" condition-coverage="0% (0/2)" missing-branches="23,26"/>
						<line number="23" hits="0"/>
						<line number="24" hits="0"/>
						<line number="26" hits="0"/>
						<line number="27" hits="0" branch="true" condition-coverage="0% (0/2)" missing-branches="28,32"/>
						<line number="28" hits="0"/>
						<line number="29" hits="0"/>
						<line number="30" hits="0"/>
						<line number="32" hits="0"/>
						<line number="33" hits="0"/>
						<line number="36" hits="0"/>
						<line number="39" hits="0"/>
						<line number="40" hits="0"/>
						<line number="41" hits="0"/>
						<line number="42" hits="0"/>
						<line number="43" hits="0"/>
						<line number="50" hits="0"/>
						<line number="53" hits="0" branch="true" condition-coverage="0% (0/2)" missing-branches="54,56"/>
						<line number="54" hits="0"/>
						<line number="55" hits="0"/>
						<line number="56" hits="0" branch="true" condition-coverage="0% (0/2)" missing-branches="57,61"/>
						<line number="57" hits="0"/>
						<line number="58" hits="0"/>
						<line number="59" hits="0"/>
						<line number="60" hits="0"/>
						<line number="61" hits="0" branch="true" condition-coverage="0% (0/2)" missing-branches="62,69"/>
						<line number="62" hits="0"/>
						<line number="63" hits="0"/>
						<line number="64" hits="0"/>
						<line number="65" hits="0"/>
						<line number="66" hits="0"/>
						<line number="69" hits="0"/>
						<line number="72" hits="0"/>
						<line number="74" hits="0"/>
						<line number="75" hits="0"/>
						<line number="77" hits="0"/>
						<line number="78" hits="0"/>
						<line number="81" hits="0"/>
						<line number="85" hits="1"/>
						<line number="86" hits="1"/>
						<line number="87" hits="0"/>
						<line number="88" hits="0"/>
					</lines>
				</class>
			</classes>
		</package>
		<package name="appname.controllers.webhooks" line-rate="1" branch-rate="0.7857" complexity="0">
			<classes>
				<class name="__init__.py" filename="appname/controllers/webhooks/__init__.py" complexity="0" line-rate="1" branch-rate="1">
					<methods/>
					<lines/>
				</class>
				<class name="stripe.py" filename="appname/controllers/webhooks/stripe.py" complexity="0" line-rate="1" branch-rate="0.7857">
					<methods/>
					<lines>
						<line number="1" hits="1"/>
						<line number="3" hits="1"/>
						<line number="5" hits="1"/>
						<line number="6" hits="1"/>
						<line number="7" hits="1"/>
						<line number="8" hits="1"/>
						<line number="10" hits="1"/>
						<line number="12" hits="1"/>
						<line number="16" hits="1"/>
						<line number="17" hits="1"/>
						<line number="18" hits="1"/>
						<line number="19" hits="1"/>
						<line number="23" hits="1" branch="true" condition-coverage="100% (2/2)"/>
						<line number="24" hits="1"/>
						<line number="25" hits="1"/>
						<line number="26" hits="1"/>
						<line number="27" hits="1"/>
						<line number="28" hits="1"/>
						<line number="29" hits="1" branch="true" condition-coverage="100% (2/2)"/>
						<line number="30" hits="1"/>
						<line number="31" hits="1"/>
						<line number="32" hits="1"/>
						<line number="33" hits="1"/>
						<line number="34" hits="1"/>
						<line number="36" hits="1"/>
						<line number="38" hits="1"/>
						<line number="39" hits="1"/>
						<line number="40" hits="1"/>
						<line number="41" hits="1" branch="true" condition-coverage="100% (2/2)"/>
						<line number="43" hits="1"/>
						<line number="44" hits="1"/>
						<line number="45" hits="1" branch="true" condition-coverage="50% (1/2)" missing-branches="68"/>
						<line number="47" hits="1"/>
						<line number="48" hits="1"/>
						<line number="49" hits="1"/>
						<line number="50" hits="1"/>
						<line number="51" hits="1" branch="true" condition-coverage="50% (1/2)" missing-branches="68"/>
						<line number="54" hits="1"/>
						<line number="55" hits="1" branch="true" condition-coverage="50% (1/2)" missing-branches="68"/>
						<line number="56" hits="1"/>
						<line number="57" hits="1"/>
						<line number="58" hits="1" branch="true" condition-coverage="100% (2/2)"/>
						<line number="60" hits="1"/>
						<line number="61" hits="1"/>
						<line number="62" hits="1"/>
						<line number="63" hits="1"/>
						<line number="64" hits="1"/>
						<line number="65" hits="1"/>
						<line number="68" hits="1"/>
					</lines>
				</class>
			</classes>
		</package>
		<package name="appname.forms" line-rate="0.9016" branch-rate="0.6" complexity="0">
			<classes>
				<class name="__init__.py" filename="appname/forms/__init__.py" complexity="0" line-rate="0.7333" branch-rate="0.25">
					<methods/>
					<lines>
						<line number="1" hits="1"/>
						<line number="2" hits="1"/>
						<line number="5" hits="1"/>
						<line number="6" hits="0" branch="true" condition-coverage="0% (0/2)" missing-branches="7,9"/>
						<line number="7" hits="0"/>
						<line number="9" hits="0"/>
						<line number="11" hits="1"/>
						<line number="12" hits="1"/>
						<line number="13" hits="1"/>
						<line number="14" hits="1"/>
						<line number="15" hits="1"/>
						<line number="16" hits="1" branch="true" condition-coverage="50% (1/2)" missing-branches="17"/>
						<line number="17" hits="0"/>
						<line number="18" hits="1"/>
						<line number="21" hits="1"/>
					</lines>
				</class>
				<class name="account.py" filename="appname/forms/account.py" complexity="0" line-rate="1" branch-rate="1">
					<methods/>
					<lines>
						<line number="1" hits="1"/>
						<line number="3" hits="1"/>
						<line number="6" hits="1"/>
						<line number="7" hits="1"/>
					</lines>
				</class>
				<class name="files.py" filename="appname/forms/files.py" complexity="0" line-rate="1" branch-rate="1">
					<methods/>
					<lines>
						<line number="1" hits="1"/>
						<line number="3" hits="1"/>
						<line number="6" hits="1"/>
						<line number="7" hits="1"/>
						<line number="8" hits="1"/>
					</lines>
				</class>
				<class name="login.py" filename="appname/forms/login.py" complexity="0" line-rate="0.9355" branch-rate="0.8333">
					<methods/>
					<lines>
						<line number="1" hits="1"/>
						<line number="3" hits="1"/>
						<line number="4" hits="1"/>
						<line number="7" hits="1"/>
						<line number="8" hits="1"/>
						<line number="11" hits="1"/>
						<line number="12" hits="1"/>
						<line number="15" hits="1" branch="true" condition-coverage="100% (2/2)"/>
						<line number="16" hits="1"/>
						<line number="19" hits="1"/>
						<line number="20" hits="1"/>
						<line number="22" hits="0"/>
						<line number="29" hits="1"/>
						<line number="31" hits="1"/>
						<line number="32" hits="1"/>
						<line number="35" hits="1"/>
						<line number="36" hits="1"/>
						<line number="37" hits="1"/>
						<line number="39" hits="1"/>
						<line number="40" hits="1"/>
						<line number="43" hits="1" branch="true" condition-coverage="50% (1/2)" missing-branches="44"/>
						<line number="44" hits="0"/>
						<line number="48" hits="1"/>
						<line number="49" hits="1" branch="true" condition-coverage="100% (2/2)"/>
						<line number="50" hits="1"/>
						<line number="51" hits="1"/>
						<line number="53" hits="1"/>
						<line number="55" hits="1"/>
						<line number="60" hits="1"/>
						<line number="62" hits="1"/>
						<line number="63" hits="1"/>
					</lines>
				</class>
				<class name="teams.py" filename="appname/forms/teams.py" complexity="0" line-rate="1" branch-rate="1">
					<methods/>
					<lines>
						<line number="1" hits="1"/>
						<line number="3" hits="1"/>
						<line number="4" hits="1"/>
						<line number="7" hits="1"/>
						<line number="8" hits="1"/>
						<line number="9" hits="1"/>
					</lines>
				</class>
			</classes>
		</package>
		<package name="appname.helpers" line-rate="0.9535" branch-rate="0.8571" complexity="0">
			<classes>
				<class name="__init__.py" filename="appname/helpers/__init__.py" complexity="0" line-rate="1" branch-rate="1">
					<methods/>
					<lines/>
				</class>
				<class name="gdpr.py" filename="appname/helpers/gdpr.py" complexity="0" line-rate="0.9667" branch-rate="0.8">
					<methods/>
					<lines>
						<line number="1" hits="1"/>
						<line number="2" hits="1"/>
						<line number="3" hits="1"/>
						<line number="5" hits="1"/>
						<line number="7" hits="1"/>
						<line number="9" hits="1"/>
						<line number="11" hits="1"/>
						<line number="12" hits="1"/>
						<line number="13" hits="1"/>
						<line number="14" hits="1"/>
						<line number="16" hits="1" branch="true" condition-coverage="100% (2/2)"/>
						<line number="17" hits="1"/>
						<line number="19" hits="1"/>
						<line number="20" hits="1"/>
						<line number="21" hits="1"/>
						<line number="22" hits="1"/>
						<line number="24" hits="1"/>
						<line number="26" hits="1"/>
						<line number="27" hits="1"/>
						<line number="28" hits="1"/>
						<line number="30" hits="1"/>
						<line number="32" hits="1" branch="true" condition-coverage="100% (2/2)"/>
						<line number="33" hits="1" branch="true" condition-coverage="100% (2/2)"/>
						<line number="34" hits="1"/>
						<line number="35" hits="1" branch="true" condition-coverage="50% (1/2)" missing-branches="33"/>
						<line number="37" hits="1"/>
						<line number="38" hits="1" branch="true" condition-coverage="50% (1/2)" missing-branches="39"/>
						<line number="39" hits="0"/>
						<line number="41" hits="1"/>
						<line number="43" hits="1"/>
					</lines>
				</class>
				<class name="session.py" filename="appname/helpers/session.py" complexity="0" line-rate="1" branch-rate="1">
					<methods/>
					<lines>
						<line number="2" hits="1"/>
						<line number="3" hits="1"/>
						<line number="6" hits="1"/>
						<line number="7" hits="1"/>
						<line number="8" hits="1"/>
						<line number="9" hits="1" branch="true" condition-coverage="100% (2/2)"/>
						<line number="10" hits="1"/>
						<line number="11" hits="1" branch="true" condition-coverage="100% (2/2)"/>
						<line number="12" hits="1"/>
						<line number="15" hits="1"/>
						<line number="16" hits="1"/>
					</lines>
				</class>
				<class name="view.py" filename="appname/helpers/view.py" complexity="0" line-rate="0.5" branch-rate="1">
					<methods/>
					<lines>
						<line number="4" hits="1"/>
						<line number="5" hits="0"/>
					</lines>
				</class>
			</classes>
		</package>
		<package name="appname.mailers" line-rate="0.8348" branch-rate="0.375" complexity="0">
			<classes>
				<class name="__init__.py" filename="appname/mailers/__init__.py" complexity="0" line-rate="0.7708" branch-rate="0.3333">
					<methods/>
					<lines>
						<line number="3" hits="1"/>
						<line number="5" hits="1"/>
						<line number="6" hits="1"/>
						<line number="8" hits="1"/>
						<line number="11" hits="1"/>
						<line number="12" hits="1"/>
						<line number="25" hits="0" branch="true" condition-coverage="0% (0/2)" missing-branches="26,27"/>
						<line number="26" hits="0"/>
						<line number="27" hits="0"/>
						<line number="29" hits="0"/>
						<line number="31" hits="0"/>
						<line number="32" hits="0"/>
						<line number="34" hits="0"/>
						<line number="36" hits="1"/>
						<line number="37" hits="1"/>
						<line number="38" hits="1"/>
						<line number="39" hits="1"/>
						<line number="40" hits="1"/>
						<line number="42" hits="1"/>
						<line number="43" hits="1"/>
						<line number="44" hits="1"/>
						<line number="46" hits="1"/>
						<line number="47" hits="1"/>
						<line number="48" hits="1"/>
						<line number="50" hits="1"/>
						<line number="51" hits="1"/>
						<line number="52" hits="1"/>
						<line number="54" hits="1"/>
						<line number="55" hits="1" branch="true" condition-coverage="50% (1/2)" missing-branches="64"/>
						<line number="56" hits="1"/>
						<line number="57" hits="1"/>
						<line number="58" hits="1"/>
						<line number="59" hits="1"/>
						<line number="60" hits="1"/>
						<line number="61" hits="1"/>
						<line number="64" hits="0"/>
						<line number="66" hits="1"/>
						<line number="67" hits="1" branch="true" condition-coverage="50% (1/2)" missing-branches="77"/>
						<line number="68" hits="1"/>
						<line number="70" hits="1"/>
						<line number="71" hits="1"/>
						<line number="72" hits="1"/>
						<line number="73" hits="1"/>
						<line number="74" hits="1"/>
						<line number="77" hits="0"/>
						<line number="79" hits="1"/>
						<line number="80" hits="0"/>
						<line number="81" hits="0"/>
					</lines>
				</class>
				<class name="auth.py" filename="appname/mailers/auth.py" complexity="0" line-rate="0.8" branch-rate="0.5">
					<methods/>
					<lines>
						<line number="1" hits="1"/>
						<line number="3" hits="1"/>
						<line number="4" hits="1"/>
						<line number="5" hits="1"/>
						<line number="8" hits="1"/>
						<line number="9" hits="1"/>
						<line number="10" hits="1"/>
						<line number="12" hits="1"/>
						<line number="13" hits="1" branch="true" condition-coverage="50% (1/2)" missing-branches="14"/>
						<line number="14" hits="0"/>
						<line number="15" hits="1"/>
						<line number="17" hits="1"/>
						<line number="18" hits="1"/>
						<line number="19" hits="1"/>
						<line number="21" hits="1"/>
						<line number="23" hits="1"/>
						<line number="25" hits="1"/>
						<line number="26" hits="0"/>
						<line number="29" hits="0"/>
						<line number="30" hits="0"/>
					</lines>
				</class>
				<class name="notification.py" filename="appname/mailers/notification.py" complexity="0" line-rate="1" branch-rate="1">
					<methods/>
					<lines>
						<line number="1" hits="1"/>
						<line number="3" hits="1"/>
						<line number="6" hits="1"/>
						<line number="7" hits="1"/>
						<line number="8" hits="1"/>
						<line number="10" hits="1"/>
						<line number="11" hits="1"/>
						<line number="12" hits="1"/>
						<line number="13" hits="1"/>
						<line number="14" hits="1"/>
						<line number="15" hits="1"/>
						<line number="16" hits="1"/>
						<line number="18" hits="1"/>
						<line number="19" hits="1"/>
						<line number="20" hits="1"/>
						<line number="22" hits="1"/>
						<line number="23" hits="1"/>
						<line number="24" hits="1"/>
					</lines>
				</class>
				<class name="store.py" filename="appname/mailers/store.py" complexity="0" line-rate="0.6923" branch-rate="1">
					<methods/>
					<lines>
						<line number="1" hits="1"/>
						<line number="3" hits="1"/>
						<line number="5" hits="1"/>
						<line number="6" hits="1"/>
						<line number="7" hits="1"/>
						<line number="10" hits="1"/>
						<line number="11" hits="1"/>
						<line number="12" hits="1"/>
						<line number="14" hits="1"/>
						<line number="15" hits="0"/>
						<line number="16" hits="0"/>
						<line number="17" hits="0"/>
						<line number="18" hits="0"/>
					</lines>
				</class>
				<class name="teams.py" filename="appname/mailers/teams.py" complexity="0" line-rate="1" branch-rate="1">
					<methods/>
					<lines>
						<line number="1" hits="1"/>
						<line number="3" hits="1"/>
						<line number="4" hits="1"/>
						<line number="7" hits="1"/>
						<line number="8" hits="1"/>
						<line number="10" hits="1"/>
						<line number="11" hits="1"/>
						<line number="12" hits="1"/>
						<line number="13" hits="1"/>
						<line number="15" hits="1"/>
						<line number="16" hits="1"/>
						<line number="17" hits="1"/>
						<line number="19" hits="1"/>
						<line number="20" hits="1"/>
						<line number="22" hits="1"/>
						<line number="23" hits="1"/>
					</lines>
				</class>
			</classes>
		</package>
		<package name="appname.models" line-rate="0.9791" branch-rate="0.9583" complexity="0">
			<classes>
				<class name="__init__.py" filename="appname/models/__init__.py" complexity="0" line-rate="1" branch-rate="1">
					<methods/>
					<lines>
						<line number="1" hits="1"/>
						<line number="2" hits="1"/>
						<line number="3" hits="1"/>
						<line number="4" hits="1"/>
						<line number="5" hits="1"/>
						<line number="7" hits="1"/>
						<line number="8" hits="1"/>
						<line number="9" hits="1"/>
						<line number="10" hits="1"/>
						<line number="12" hits="1"/>
						<line number="19" hits="1"/>
						<line number="20" hits="1"/>
						<line number="21" hits="1"/>
						<line number="24" hits="1"/>
						<line number="25" hits="1"/>
						<line number="28" hits="1"/>
						<line number="30" hits="1"/>
						<line number="31" hits="1" branch="true" condition-coverage="100% (2/2)"/>
						<line number="32" hits="1"/>
						<line number="33" hits="1" branch="true" condition-coverage="100% (2/2)"/>
						<line number="34" hits="1"/>
						<line number="35" hits="1"/>
						<line number="37" hits="1"/>
						<line number="41" hits="1"/>
						<line number="42" hits="1"/>
						<line number="43" hits="1"/>
						<line number="47" hits="1"/>
						<line number="53" hits="1"/>
						<line number="54" hits="1"/>
						<line number="55" hits="1"/>
						<line number="56" hits="1"/>
						<line number="57" hits="1" branch="true" condition-coverage="100% (2/2)"/>
						<line number="58" hits="1"/>
						<line number="59" hits="1"/>
						<line number="60" hits="1"/>
						<line number="62" hits="1"/>
						<line number="65" hits="1"/>
						<line number="66" hits="1"/>
						<line number="69" hits="1"/>
						<line number="70" hits="1"/>
						<line number="71" hits="1" branch="true" condition-coverage="100% (2/2)"/>
						<line number="72" hits="1"/>
						<line number="73" hits="1"/>
						<line number="74" hits="1"/>
						<line number="76" hits="1"/>
						<line number="77" hits="1"/>
						<line number="78" hits="1" branch="true" condition-coverage="100% (2/2)"/>
						<line number="79" hits="1"/>
						<line number="80" hits="1"/>
						<line number="82" hits="1"/>
						<line number="84" hits="1"/>
						<line number="86" hits="1"/>
						<line number="88" hits="1"/>
						<line number="90" hits="1"/>
						<line number="92" hits="1"/>
						<line number="105" hits="1"/>
						<line number="109" hits="1" branch="true" condition-coverage="100% (2/2)"/>
						<line number="110" hits="1"/>
						<line number="111" hits="1"/>
						<line number="112" hits="1" branch="true" condition-coverage="100% (2/2)"/>
						<line number="113" hits="1"/>
						<line number="114" hits="1"/>
						<line number="115" hits="1"/>
						<line number="116" hits="1"/>
						<line number="118" hits="1"/>
						<line number="119" hits="1"/>
						<line number="121" hits="1"/>
						<line number="122" hits="1" branch="true" condition-coverage="100% (2/2)"/>
						<line number="123" hits="1" branch="true" condition-coverage="100% (2/2)"/>
						<line number="124" hits="1"/>
						<line number="125" hits="1"/>
						<line number="127" hits="1"/>
						<line number="128" hits="1"/>
						<line number="129" hits="1" branch="true" condition-coverage="100% (2/2)"/>
						<line number="130" hits="1"/>
						<line number="131" hits="1"/>
						<line number="132" hits="1"/>
						<line number="133" hits="1"/>
						<line number="135" hits="1"/>
						<line number="136" hits="1"/>
						<line number="138" hits="1"/>
						<line number="140" hits="1"/>
						<line number="141" hits="1"/>
						<line number="143" hits="1"/>
						<line number="145" hits="1"/>
						<line number="146" hits="1"/>
						<line number="147" hits="1"/>
						<line number="148" hits="1"/>
						<line number="150" hits="1"/>
						<line number="151" hits="1"/>
						<line number="152" hits="1"/>
						<line number="153" hits="1"/>
						<line number="155" hits="1"/>
						<line number="161" hits="1"/>
						<line number="162" hits="1"/>
						<line number="163" hits="1"/>
						<line number="166" hits="1"/>
						<line number="168" hits="1"/>
						<line number="170" hits="1"/>
						<line number="171" hits="1"/>
						<line number="172" hits="1"/>
						<line number="173" hits="1"/>
						<line number="174" hits="1"/>
						<line number="175" hits="1"/>
						<line number="176" hits="1"/>
						<line number="177" hits="1"/>
						<line number="178" hits="1"/>
						<line number="179" hits="1"/>
					</lines>
				</class>
				<class name="team_file.py" filename="appname/models/team_file.py" complexity="0" line-rate="1" branch-rate="1">
					<methods/>
					<lines>
						<line number="1" hits="1"/>
						<line number="4" hits="1"/>
						<line number="5" hits="1"/>
						<line number="6" hits="1"/>
						<line number="8" hits="1"/>
						<line number="11" hits="1"/>
						<line number="12" hits="1"/>
						<line number="14" hits="1"/>
						<line number="16" hits="1"/>
						<line number="18" hits="1"/>
						<line number="19" hits="1"/>
						<line number="21" hits="1"/>
					</lines>
				</class>
				<class name="user.py" filename="appname/models/user.py" complexity="0" line-rate="0.9437" branch-rate="0.75">
					<methods/>
					<lines>
						<line number="1" hits="1"/>
						<line number="3" hits="1"/>
						<line number="4" hits="1"/>
						<line number="5" hits="1"/>
						<line number="6" hits="1"/>
						<line number="7" hits="1"/>
						<line number="10" hits="1"/>
						<line number="12" hits="1"/>
						<line number="16" hits="1"/>
						<line number="17" hits="1"/>
						<line number="18" hits="1"/>
						<line number="19" hits="1"/>
						<line number="21" hits="1"/>
						<line number="22" hits="1"/>
						<line number="23" hits="1"/>
						<line number="24" hits="1"/>
						<line number="25" hits="1"/>
						<line number="28" hits="1"/>
						<line number="32" hits="1"/>
						<line number="70" hits="1"/>
						<line number="72" hits="1"/>
						<line number="74" hits="0"/>
						<line number="76" hits="1"/>
						<line number="78" hits="1"/>
						<line number="79" hits="1"/>
						<line number="81" hits="1"/>
						<line number="82" hits="1"/>
						<line number="83" hits="1"/>
						<line number="85" hits="1"/>
						<line number="86" hits="1"/>
						<line number="87" hits="1"/>
						<line number="89" hits="1"/>
						<line number="90" hits="1"/>
						<line number="91" hits="1"/>
						<line number="93" hits="1"/>
						<line number="94" hits="0"/>
						<line number="96" hits="1"/>
						<line number="97" hits="1"/>
						<line number="99" hits="1"/>
						<line number="100" hits="1"/>
						<line number="101" hits="1"/>
						<line number="103" hits="1"/>
						<line number="104" hits="1"/>
						<line number="105" hits="0"/>
						<line number="107" hits="1"/>
						<line number="108" hits="1"/>
						<line number="109" hits="1"/>
						<line number="112" hits="1"/>
						<line number="113" hits="1"/>
						<line number="114" hits="1" branch="true" condition-coverage="100% (2/2)"/>
						<line number="115" hits="1"/>
						<line number="116" hits="1"/>
						<line number="121" hits="1"/>
						<line number="122" hits="1"/>
						<line number="123" hits="1"/>
						<line number="125" hits="1"/>
						<line number="126" hits="1"/>
						<line number="127" hits="1"/>
						<line number="128" hits="1" branch="true" condition-coverage="50% (1/2)" missing-branches="129"/>
						<line number="129" hits="0"/>
						<line number="130" hits="1"/>
						<line number="131" hits="1"/>
						<line number="132" hits="1"/>
						<line number="133" hits="1"/>
						<line number="135" hits="1"/>
						<line number="136" hits="1"/>
						<line number="137" hits="1"/>
						<line number="138" hits="1"/>
						<line number="139" hits="1"/>
						<line number="140" hits="1"/>
						<line number="151" hits="1"/>
					</lines>
				</class>
			</classes>
		</package>
		<package name="appname.models.teams" line-rate="0.9634" branch-rate="0.6667" complexity="0">
			<classes>
				<class name="__init__.py" filename="appname/models/teams/__init__.py" complexity="0" line-rate="1" branch-rate="1">
					<methods/>
					<lines>
						<line number="2" hits="1"/>
						<line number="3" hits="1"/>
					</lines>
				</class>
				<class name="team.py" filename="appname/models/teams/team.py" complexity="0" line-rate="0.9744" branch-rate="1">
					<methods/>
					<lines>
						<line number="1" hits="1"/>
						<line number="3" hits="1"/>
						<line number="4" hits="1"/>
						<line number="6" hits="1"/>
						<line number="8" hits="1"/>
						<line number="18" hits="1"/>
						<line number="19" hits="1"/>
						<line number="22" hits="1"/>
						<line number="24" hits="1"/>
						<line number="25" hits="1"/>
						<line number="26" hits="1"/>
						<line number="27" hits="1"/>
						<line number="30" hits="1"/>
						<line number="31" hits="1"/>
						<line number="33" hits="1"/>
						<line number="41" hits="1"/>
						<line number="42" hits="1"/>
						<line number="44" hits="1"/>
						<line number="45" hits="1"/>
						<line number="46" hits="1"/>
						<line number="48" hits="1"/>
						<line number="49" hits="1"/>
						<line number="51" hits="1"/>
						<line number="52" hits="1"/>
						<line number="54" hits="1"/>
						<line number="55" hits="1"/>
						<line number="56" hits="1"/>
						<line number="58" hits="1"/>
						<line number="59" hits="1"/>
						<line number="60" hits="0"/>
						<line number="62" hits="1"/>
						<line number="63" hits="1"/>
						<line number="64" hits="1"/>
						<line number="65" hits="1"/>
						<line number="66" hits="1"/>
						<line number="68" hits="1"/>
						<line number="69" hits="1"/>
						<line number="70" hits="1"/>
						<line number="71" hits="1"/>
					</lines>
				</class>
				<class name="team_member.py" filename="appname/models/teams/team_member.py" complexity="0" line-rate="0.9512" branch-rate="0.6667">
					<methods/>
					<lines>
						<line number="1" hits="1"/>
						<line number="3" hits="1"/>
						<line number="4" hits="1"/>
						<line number="5" hits="1"/>
						<line number="6" hits="1"/>
						<line number="8" hits="1"/>
						<line number="10" hits="1"/>
						<line number="11" hits="1"/>
						<line number="12" hits="1"/>
						<line number="14" hits="1"/>
						<line number="17" hits="1"/>
						<line number="18" hits="1"/>
						<line number="20" hits="1"/>
						<line number="21" hits="1"/>
						<line number="23" hits="1"/>
						<line number="25" hits="1"/>
						<line number="26" hits="1"/>
						<line number="28" hits="1"/>
						<line number="30" hits="1"/>
						<line number="39" hits="1"/>
						<line number="40" hits="1"/>
						<line number="41" hits="1"/>
						<line number="42" hits="1" branch="true" condition-coverage="50% (1/2)" missing-branches="45"/>
						<line number="43" hits="1"/>
						<line number="45" hits="0"/>
						<line number="47" hits="1"/>
						<line number="48" hits="1"/>
						<line number="49" hits="1"/>
						<line number="51" hits="1"/>
						<line number="52" hits="1"/>
						<line number="53" hits="1" branch="true" condition-coverage="100% (2/2)"/>
						<line number="54" hits="1"/>
						<line number="55" hits="1"/>
						<line number="57" hits="1"/>
						<line number="58" hits="1" branch="true" condition-coverage="50% (1/2)" missing-branches="65"/>
						<line number="59" hits="1"/>
						<line number="60" hits="1"/>
						<line number="61" hits="1"/>
						<line number="62" hits="1"/>
						<line number="63" hits="1"/>
						<line number="65" hits="0"/>
					</lines>
				</class>
			</classes>
		</package>
		<package name="appname.services" line-rate="0.899" branch-rate="0.8" complexity="0">
			<classes>
				<class name="__init__.py" filename="appname/services/__init__.py" complexity="0" line-rate="1" branch-rate="1">
					<methods/>
					<lines/>
				</class>
				<class name="branding.py" filename="appname/services/branding.py" complexity="0" line-rate="0.8235" branch-rate="0.5">
					<methods/>
					<lines>
						<line number="1" hits="1"/>
						<line number="2" hits="1"/>
						<line number="3" hits="1"/>
						<line number="4" hits="1"/>
						<line number="5" hits="1"/>
						<line number="6" hits="1"/>
						<line number="7" hits="1"/>
						<line number="8" hits="1"/>
						<line number="9" hits="1"/>
						<line number="10" hits="1" branch="true" condition-coverage="50% (1/2)" missing-branches="11"/>
						<line number="11" hits="0"/>
						<line number="12" hits="1"/>
						<line number="13" hits="1"/>
						<line number="14" hits="1"/>
						<line number="15" hits="1"/>
						<line number="16" hits="1"/>
						<line number="17" hits="1"/>
						<line number="18" hits="1"/>
						<line number="19" hits="0"/>
						<line number="20" hits="1"/>
						<line number="21" hits="1"/>
						<line number="22" hits="0"/>
						<line number="23" hits="1"/>
						<line number="24" hits="1"/>
						<line number="25" hits="0"/>
						<line number="26" hits="1"/>
						<line number="27" hits="1"/>
						<line number="28" hits="0"/>
						<line number="29" hits="1"/>
						<line number="30" hits="1"/>
						<line number="31" hits="0"/>
						<line number="32" hits="1"/>
						<line number="33" hits="1"/>
						<line number="34" hits="1"/>
					</lines>
				</class>
				<class name="hash_ids.py" filename="appname/services/hash_ids.py" complexity="0" line-rate="1" branch-rate="1">
					<methods/>
					<lines>
						<line number="1" hits="1"/>
						<line number="4" hits="1"/>
						<line number="5" hits="1"/>
						<line number="6" hits="1"/>
						<line number="7" hits="1"/>
						<line number="9" hits="1"/>
						<line number="10" hits="1"/>
						<line number="12" hits="1"/>
						<line number="13" hits="1"/>
						<line number="14" hits="1"/>
						<line number="16" hits="1"/>
					</lines>
				</class>
				<class name="security.py" filename="appname/services/security.py" complexity="0" line-rate="1" branch-rate="1">
					<methods/>
					<lines>
						<line number="1" hits="1"/>
						<line number="3" hits="1"/>
						<line number="6" hits="1"/>
						<line number="7" hits="1"/>
						<line number="8" hits="1"/>
						<line number="9" hits="1"/>
						<line number="10" hits="1"/>
						<line number="11" hits="1"/>
						<line number="13" hits="1"/>
						<line number="14" hits="1"/>
						<line number="16" hits="1"/>
						<line number="30" hits="1"/>
					</lines>
				</class>
				<class name="stripe.py" filename="appname/services/stripe.py" complexity="0" line-rate="0.9048" branch-rate="0.875">
					<methods/>
					<lines>
						<line number="1" hits="1"/>
						<line number="3" hits="1"/>
						<line number="4" hits="1"/>
						<line number="6" hits="1"/>
						<line number="9" hits="1"/>
						<line number="10" hits="1"/>
						<line number="11" hits="1" branch="true" condition-coverage="50% (1/2)" missing-branches="12"/>
						<line number="12" hits="0"/>
						<line number="14" hits="1"/>
						<line number="15" hits="1"/>
						<line number="16" hits="1"/>
						<line number="17" hits="1"/>
						<line number="19" hits="1"/>
						<line number="20" hits="1"/>
						<line number="22" hits="1" branch="true" condition-coverage="100% (2/2)"/>
						<line number="23" hits="1"/>
						<line number="25" hits="1"/>
						<line number="26" hits="0"/>
						<line number="28" hits="1"/>
						<line number="29" hits="1" branch="true" condition-coverage="100% (2/2)"/>
						<line number="30" hits="1"/>
						<line number="31" hits="1"/>
						<line number="33" hits="1"/>
						<line number="34" hits="1"/>
						<line number="35" hits="1"/>
						<line number="36" hits="1"/>
						<line number="38" hits="1"/>
						<line number="39" hits="0"/>
						<line number="45" hits="0"/>
						<line number="47" hits="1"/>
						<line number="49" hits="1" branch="true" condition-coverage="100% (2/2)"/>
						<line number="50" hits="1"/>
						<line number="52" hits="1"/>
						<line number="56" hits="1"/>
						<line number="58" hits="1"/>
						<line number="59" hits="1"/>
						<line number="66" hits="1"/>
						<line number="67" hits="1"/>
						<line number="69" hits="1"/>
						<line number="71" hits="1"/>
						<line number="72" hits="1"/>
						<line number="74" hits="1"/>
					</lines>
				</class>
			</classes>
		</package>
		<package name="appname.utils" line-rate="0.9744" branch-rate="0.75" complexity="0">
			<classes>
				<class name="__init__.py" filename="appname/utils/__init__.py" complexity="0" line-rate="1" branch-rate="1">
					<methods/>
					<lines/>
				</class>
				<class name="math.py" filename="appname/utils/math.py" complexity="0" line-rate="1" branch-rate="1">
					<methods/>
					<lines>
						<line number="1" hits="1"/>
						<line number="2" hits="1"/>
						<line number="4" hits="1"/>
						<line number="17" hits="1"/>
						<line number="18" hits="1"/>
						<line number="19" hits="1" branch="true" condition-coverage="100% (2/2)"/>
						<line number="20" hits="1"/>
						<line number="21" hits="1"/>
						<line number="22" hits="1"/>
					</lines>
				</class>
				<class name="text.py" filename="appname/utils/text.py" complexity="0" line-rate="1" branch-rate="1">
					<methods/>
					<lines>
						<line number="1" hits="1"/>
						<line number="5" hits="1" branch="true" condition-coverage="100% (2/2)"/>
						<line number="6" hits="1"/>
						<line number="7" hits="1"/>
					</lines>
				</class>
				<class name="time.py" filename="appname/utils/time.py" complexity="0" line-rate="0.9375" branch-rate="0.5">
					<methods/>
					<lines>
						<line number="1" hits="1"/>
						<line number="3" hits="1"/>
						<line number="9" hits="1"/>
						<line number="13" hits="0"/>
						<line number="15" hits="1"/>
						<line number="17" hits="1" branch="true" condition-coverage="50% (1/2)" missing-branches="19"/>
						<line number="18" hits="1"/>
						<line number="19" hits="1"/>
						<line number="21" hits="1"/>
						<line number="25" hits="1" branch="true" condition-coverage="50% (1/2)" missing-branches="28"/>
						<line number="26" hits="1"/>
						<line number="28" hits="1"/>
						<line number="30" hits="1"/>
						<line number="34" hits="1"/>
						<line number="35" hits="1"/>
						<line number="36" hits="1"/>
					</lines>
				</class>
				<class name="token.py" filename="appname/utils/token.py" complexity="0" line-rate="1" branch-rate="1">
					<methods/>
					<lines>
						<line number="1" hits="1"/>
						<line number="2" hits="1"/>
						<line number="9" hits="1"/>
						<line number="10" hits="1"/>
						<line number="11" hits="1"/>
						<line number="14" hits="1"/>
						<line number="15" hits="1"/>
						<line number="16" hits="1"/>
						<line number="17" hits="1"/>
						<line number="18" hits="1"/>
					</lines>
				</class>
			</classes>
		</package>
		<package name="tests" line-rate="0.9902" branch-rate="1" complexity="0">
			<classes>
				<class name="__init__.py" filename="tests/__init__.py" complexity="0" line-rate="1" branch-rate="1">
					<methods/>
					<lines/>
				</class>
				<class name="conftest.py" filename="tests/conftest.py" complexity="0" line-rate="1" branch-rate="1">
					<methods/>
					<lines>
						<line number="1" hits="1"/>
						<line number="3" hits="1"/>
						<line number="6" hits="1"/>
						<line number="8" hits="1"/>
						<line number="9" hits="1"/>
						<line number="10" hits="1"/>
						<line number="13" hits="1"/>
						<line number="14" hits="1"/>
						<line number="15" hits="1"/>
						<line number="16" hits="1"/>
						<line number="18" hits="1"/>
						<line number="19" hits="1"/>
						<line number="20" hits="1"/>
						<line number="21" hits="1"/>
						<line number="23" hits="1"/>
						<line number="26" hits="1"/>
						<line number="27" hits="1"/>
						<line number="29" hits="1"/>
						<line number="30" hits="1"/>
						<line number="31" hits="1"/>
						<line number="32" hits="1"/>
						<line number="34" hits="1"/>
						<line number="36" hits="1"/>
					</lines>
				</class>
				<class name="test_api_store_webhooks.py" filename="tests/test_api_store_webhooks.py" complexity="0" line-rate="1" branch-rate="1">
					<methods/>
					<lines>
						<line number="1" hits="1"/>
						<line number="3" hits="1"/>
						<line number="5" hits="1"/>
						<line number="6" hits="1"/>
						<line number="7" hits="1"/>
						<line number="8" hits="1"/>
						<line number="9" hits="1"/>
						<line number="10" hits="1"/>
						<line number="12" hits="1"/>
						<line number="15" hits="1"/>
						<line number="16" hits="1"/>
						<line number="17" hits="1"/>
						<line number="18" hits="1"/>
						<line number="21" hits="1"/>
						<line number="22" hits="1"/>
						<line number="23" hits="1"/>
						<line number="24" hits="1"/>
						<line number="27" hits="1"/>
						<line number="28" hits="1"/>
						<line number="29" hits="1"/>
						<line number="30" hits="1"/>
						<line number="32" hits="1"/>
						<line number="33" hits="1"/>
						<line number="34" hits="1"/>
						<line number="35" hits="1"/>
						<line number="36" hits="1"/>
						<line number="38" hits="1"/>
						<line number="39" hits="1"/>
						<line number="40" hits="1"/>
						<line number="42" hits="1"/>
						<line number="43" hits="1"/>
						<line number="44" hits="1"/>
						<line number="45" hits="1"/>
						<line number="47" hits="1"/>
						<line number="49" hits="1"/>
						<line number="50" hits="1"/>
						<line number="51" hits="1"/>
						<line number="53" hits="1"/>
						<line number="54" hits="1"/>
						<line number="56" hits="1"/>
						<line number="57" hits="1"/>
						<line number="58" hits="1"/>
						<line number="61" hits="1"/>
						<line number="62" hits="1"/>
						<line number="63" hits="1"/>
						<line number="64" hits="1"/>
						<line number="65" hits="1"/>
						<line number="67" hits="1"/>
						<line number="68" hits="1"/>
						<line number="70" hits="1"/>
						<line number="71" hits="1"/>
						<line number="72" hits="1"/>
						<line number="73" hits="1"/>
						<line number="74" hits="1"/>
						<line number="76" hits="1"/>
						<line number="77" hits="1"/>
						<line number="78" hits="1"/>
						<line number="79" hits="1"/>
						<line number="80" hits="1"/>
						<line number="82" hits="1"/>
						<line number="83" hits="1"/>
						<line number="84" hits="1"/>
						<line number="86" hits="1"/>
						<line number="92" hits="1"/>
						<line number="93" hits="1"/>
						<line number="94" hits="1"/>
						<line number="95" hits="1"/>
						<line number="98" hits="1"/>
						<line number="99" hits="1"/>
						<line number="100" hits="1"/>
						<line number="101" hits="1"/>
						<line number="102" hits="1"/>
						<line number="103" hits="1"/>
						<line number="104" hits="1"/>
						<line number="105" hits="1"/>
						<line number="106" hits="1"/>
						<line number="108" hits="1"/>
						<line number="109" hits="1"/>
						<line number="111" hits="1"/>
						<line number="113" hits="1"/>
						<line number="114" hits="1"/>
						<line number="116" hits="1"/>
						<line number="117" hits="1"/>
						<line number="118" hits="1"/>
						<line number="119" hits="1"/>
						<line number="120" hits="1"/>
						<line number="121" hits="1"/>
						<line number="122" hits="1"/>
						<line number="123" hits="1"/>
						<line number="125" hits="1"/>
						<line number="134" hits="1"/>
						<line number="136" hits="1"/>
						<line number="138" hits="1"/>
						<line number="139" hits="1"/>
						<line number="140" hits="1"/>
						<line number="141" hits="1"/>
						<line number="143" hits="1"/>
						<line number="144" hits="1"/>
						<line number="145" hits="1"/>
						<line number="146" hits="1"/>
						<line number="147" hits="1"/>
						<line number="148" hits="1"/>
						<line number="149" hits="1"/>
						<line number="151" hits="1"/>
						<line number="155" hits="1"/>
						<line number="157" hits="1"/>
						<line number="159" hits="1"/>
						<line number="160" hits="1"/>
						<line number="162" hits="1"/>
						<line number="163" hits="1"/>
						<line number="164" hits="1"/>
						<line number="165" hits="1"/>
						<line number="166" hits="1"/>
						<line number="167" hits="1"/>
						<line number="168" hits="1"/>
						<line number="170" hits="1"/>
						<line number="178" hits="1"/>
						<line number="180" hits="1"/>
						<line number="182" hits="1"/>
						<line number="183" hits="1"/>
						<line number="184" hits="1"/>
						<line number="185" hits="1"/>
						<line number="187" hits="1"/>
						<line number="188" hits="1"/>
						<line number="196" hits="1"/>
						<line number="198" hits="1"/>
						<line number="200" hits="1"/>
						<line number="201" hits="1"/>
					</lines>
				</class>
				<class name="test_auth_extra.py" filename="tests/test_auth_extra.py" complexity="0" line-rate="1" branch-rate="1">
					<methods/>
					<lines>
						<line number="1" hits="1"/>
						<line number="2" hits="1"/>
						<line number="4" hits="1"/>
						<line number="5" hits="1"/>
						<line number="6" hits="1"/>
						<line number="7" hits="1"/>
						<line number="8" hits="1"/>
						<line number="9" hits="1"/>
						<line number="10" hits="1"/>
						<line number="12" hits="1"/>
						<line number="15" hits="1"/>
						<line number="16" hits="1"/>
						<line number="17" hits="1"/>
						<line number="18" hits="1"/>
						<line number="31" hits="1"/>
						<line number="32" hits="1"/>
						<line number="33" hits="1"/>
						<line number="34" hits="1"/>
						<line number="35" hits="1"/>
						<line number="37" hits="1"/>
						<line number="38" hits="1"/>
						<line number="39" hits="1"/>
						<line number="40" hits="1"/>
						<line number="41" hits="1"/>
						<line number="43" hits="1"/>
						<line number="44" hits="1"/>
						<line number="46" hits="1"/>
						<line number="47" hits="1"/>
						<line number="48" hits="1"/>
						<line number="50" hits="1"/>
						<line number="51" hits="1"/>
						<line number="52" hits="1"/>
						<line number="53" hits="1"/>
						<line number="54" hits="1"/>
						<line number="55" hits="1"/>
						<line number="57" hits="1"/>
						<line number="58" hits="1"/>
						<line number="60" hits="1"/>
						<line number="61" hits="1"/>
						<line number="63" hits="1"/>
						<line number="64" hits="1"/>
						<line number="65" hits="1"/>
						<line number="66" hits="1"/>
						<line number="67" hits="1"/>
						<line number="68" hits="1"/>
						<line number="70" hits="1"/>
						<line number="71" hits="1"/>
						<line number="73" hits="1"/>
						<line number="74" hits="1"/>
						<line number="75" hits="1"/>
						<line number="76" hits="1"/>
						<line number="77" hits="1"/>
						<line number="78" hits="1"/>
						<line number="80" hits="1"/>
						<line number="81" hits="1"/>
						<line number="83" hits="1"/>
						<line number="84" hits="1"/>
						<line number="126" hits="1"/>
						<line number="133" hits="1"/>
						<line number="134" hits="1"/>
						<line number="136" hits="1"/>
						<line number="137" hits="1"/>
						<line number="138" hits="1"/>
						<line number="139" hits="1"/>
						<line number="140" hits="1"/>
						<line number="141" hits="1"/>
						<line number="142" hits="1"/>
						<line number="144" hits="1"/>
						<line number="145" hits="1"/>
						<line number="147" hits="1"/>
						<line number="148" hits="1"/>
						<line number="149" hits="1"/>
						<line number="150" hits="1"/>
						<line number="151" hits="1"/>
						<line number="152" hits="1"/>
						<line number="153" hits="1"/>
						<line number="155" hits="1"/>
						<line number="156" hits="1"/>
						<line number="161" hits="1"/>
						<line number="163" hits="1"/>
						<line number="165" hits="1"/>
						<line number="166" hits="1"/>
						<line number="167" hits="1"/>
						<line number="169" hits="1"/>
						<line number="170" hits="1"/>
						<line number="171" hits="1"/>
						<line number="172" hits="1"/>
						<line number="180" hits="1"/>
						<line number="181" hits="1"/>
						<line number="183" hits="1"/>
						<line number="184" hits="1"/>
						<line number="186" hits="1"/>
						<line number="187" hits="1"/>
						<line number="188" hits="1"/>
						<line number="189" hits="1"/>
						<line number="197" hits="1"/>
						<line number="198" hits="1"/>
						<line number="200" hits="1"/>
						<line number="201" hits="1"/>
						<line number="203" hits="1"/>
						<line number="204" hits="1"/>
						<line number="205" hits="1"/>
						<line number="206" hits="1"/>
						<line number="207" hits="1"/>
						<line number="215" hits="1"/>
[...]
						<line number="228" hits="1"/>
						<line number="237" hits="1"/>
						<line number="239" hits="1"/>
						<line number="240" hits="1"/>
						<line number="241" hits="1"/>
						<line number="247" hits="1"/>
						<line number="248" hits="1"/>
						<line number="250" hits="1"/>
						<line number="251" hits="1"/>
						<line number="252" hits="1"/>
						<line number="253" hits="1"/>
						<line number="254" hits="1"/>
						<line number="255" hits="1"/>
						<line number="257" hits="1"/>
						<line number="259" hits="1"/>
						<line number="264" hits="1"/>
						<line number="265" hits="1"/>
						<line number="267" hits="1"/>
						<line number="268" hits="1"/>
						<line number="269" hits="1"/>
						<line number="270" hits="1"/>
						<line number="271" hits="1"/>
						<line number="272" hits="1"/>
						<line number="273" hits="1"/>
						<line number="275" hits="1"/>
						<line number="281" hits="1"/>
						<line number="282" hits="1"/>
						<line number="284" hits="1"/>
						<line number="285" hits="1"/>
						<line number="286" hits="1"/>
						<line number="287" hits="1"/>
						<line number="289" hits="1"/>
						<line number="295" hits="1"/>
						<line number="296" hits="1"/>
						<line number="298" hits="1"/>
						<line number="299" hits="1"/>
						<line number="300" hits="1"/>
						<line number="301" hits="1"/>
						<line number="303" hits="1"/>
						<line number="305" hits="1"/>
						<line number="315" hits="1"/>
						<line number="316" hits="1"/>
						<line number="317" hits="1"/>
						<line number="318" hits="1"/>
						<line number="319" hits="1"/>
						<line number="321" hits="1"/>
						<line number="322" hits="1"/>
						<line number="323" hits="1"/>
						<line number="324" hits="1" branch="true" condition-coverage="100% (2/2)"/>
						<line number="325" hits="1"/>
						<line number="326" hits="1"/>
						<line number="327" hits="1"/>
						<line number="329" hits="1"/>
						<line number="330" hits="1"/>
						<line number="331" hits="1"/>
						<line number="333" hits="1"/>
						<line number="334" hits="1"/>
						<line number="335" hits="1"/>
						<line number="336" hits="1"/>
						<line number="338" hits="1"/>
						<line number="339" hits="1"/>
						<line number="341" hits="1"/>
						<line number="342" hits="1"/>
						<line number="343" hits="1"/>
						<line number="345" hits="1"/>
						<line number="350" hits="1"/>
						<line number="352" hits="1"/>
						<line number="353" hits="1"/>
						<line number="354" hits="1"/>
						<line number="355" hits="1"/>
						<line number="357" hits="1"/>
						<line number="358" hits="1"/>
						<line number="364" hits="1"/>
						<line number="365" hits="1"/>
						<line number="366" hits="1"/>
						<line number="367" hits="1"/>
						<line number="368" hits="1"/>
						<line number="369" hits="1"/>
						<line number="371" hits="1"/>
						<line number="372" hits="1"/>
						<line number="373" hits="1"/>
						<line number="375" hits="1"/>
						<line number="377" hits="1"/>
						<line number="379" hits="1"/>
						<line number="380" hits="1"/>
						<line number="382" hits="1"/>
						<line number="383" hits="1"/>
						<line number="384" hits="1"/>
						<line number="385" hits="1"/>
						<line number="386" hits="1"/>
						<line number="387" hits="1"/>
						<line number="389" hits="1"/>
						<line number="390" hits="1"/>
						<line number="391" hits="1"/>
						<line number="393" hits="1"/>
						<line number="394" hits="1"/>
						<line number="395" hits="1"/>
						<line number="397" hits="1"/>
						<line number="402" hits="1"/>
						<line number="404" hits="1"/>
						<line number="405" hits="1"/>
						<line number="406" hits="1"/>
						<line number="407" hits="1"/>
						<line number="408" hits="1"/>
						<line number="409" hits="1"/>
						<line number="411" hits="1"/>
						<line number="412" hits="1"/>
						<line number="413" hits="1"/>
						<line number="415" hits="1"/>
						<line number="416" hits="1"/>
						<line number="418" hits="1"/>
						<line number="419" hits="1"/>
						<line number="421" hits="1"/>
						<line number="427" hits="1"/>
						<line number="428" hits="1"/>
						<line number="429" hits="1"/>
						<line number="431" hits="1"/>
						<line number="432" hits="1"/>
						<line number="433" hits="1"/>
						<line number="434" hits="1"/>
						<line number="435" hits="1"/>
						<line number="436" hits="1"/>
						<line number="438" hits="1"/>
						<line number="439" hits="1"/>
						<line number="445" hits="1"/>
						<line number="446" hits="1"/>
					</lines>
				</class>
				<class name="test_login.py" filename="tests/test_login.py" complexity="0" line-rate="1" branch-rate="1">
					<methods/>
					<lines>
						<line number="1" hits="1"/>
						<line number="3" hits="1"/>
						<line number="5" hits="1"/>
						<line number="6" hits="1"/>
						<line number="7" hits="1"/>
						<line number="15" hits="1"/>
						<line number="16" hits="1"/>
						<line number="18" hits="1"/>
						<line number="26" hits="1"/>
						<line number="27" hits="1"/>
					</lines>
				</class>
				<class name="test_roles_session_admin.py" filename="tests/test_roles_session_admin.py" complexity="0" line-rate="1" branch-rate="1">
					<methods/>
					<lines>
						<line number="1" hits="1"/>
						<line number="3" hits="1"/>
						<line number="5" hits="1"/>
						<line number="7" hits="1"/>
						<line number="20" hits="1"/>
						<line number="21" hits="1"/>
						<line number="22" hits="1"/>
						<line number="23" hits="1"/>
						<line number="24" hits="1"/>
						<line number="25" hits="1"/>
						<line number="27" hits="1"/>
						<line number="28" hits="1"/>
						<line number="29" hits="1"/>
						<line number="30" hits="1"/>
						<line number="33" hits="1"/>
						<line number="34" hits="1"/>
						<line number="35" hits="1"/>
						<line number="36" hits="1"/>
						<line number="37" hits="1"/>
						<line number="38" hits="1"/>
						<line number="44" hits="1"/>
						<line number="45" hits="1"/>
						<line number="47" hits="1"/>
						<line number="48" hits="1"/>
						<line number="49" hits="1"/>
						<line number="50" hits="1"/>
						<line number="56" hits="1"/>
						<line number="57" hits="1"/>
						<line number="59" hits="1"/>
						<line number="60" hits="1"/>
						<line number="62" hits="1"/>
						<line number="63" hits="1"/>
						<line number="64" hits="1"/>
						<line number="70" hits="1"/>
						<line number="71" hits="1"/>
						<line number="73" hits="1"/>
						<line number="74" hits="1"/>
						<line number="76" hits="1"/>
						<line number="77" hits="1"/>
					</lines>
				</class>
				<class name="test_services_billing_utils.py" filename="tests/test_services_billing_utils.py" complexity="0" line-rate="0.9944" branch-rate="1">
					<methods/>
					<lines>
						<line number="1" hits="1"/>
						<line number="2" hits="1"/>
						<line number="3" hits="1"/>
						<line number="5" hits="1"/>
						<line number="6" hits="1"/>
						<line number="8" hits="1"/>
						<line number="9" hits="1"/>
						<line number="10" hits="1"/>
						<line number="11" hits="1"/>
						<line number="12" hits="1"/>
						<line number="13" hits="1"/>
						<line number="14" hits="1"/>
						<line number="15" hits="1"/>
						<line number="16" hits="1"/>
						<line number="17" hits="1"/>
						<line number="18" hits="1"/>
						<line number="19" hits="1"/>
						<line number="21" hits="1"/>
						<line number="24" hits="1"/>
						<line number="25" hits="1"/>
						<line number="26" hits="1"/>
						<line number="27" hits="1"/>
						<line number="30" hits="1"/>
						<line number="31" hits="1"/>
						<line number="32" hits="1"/>
						<line number="33" hits="1"/>
						<line number="34" hits="1"/>
						<line number="36" hits="1"/>
						<line number="37" hits="1"/>
						<line number="38" hits="1"/>
						<line number="40" hits="1"/>
						<line number="41" hits="1"/>
						<line number="42" hits="1"/>
						<line number="44" hits="1"/>
						<line number="45" hits="1"/>
						<line number="47" hits="1"/>
						<line number="48" hits="1"/>
						<line number="49" hits="1"/>
						<line number="51" hits="1"/>
						<line number="52" hits="1"/>
						<line number="53" hits="1"/>
						<line number="54" hits="1"/>
						<line number="55" hits="1"/>
						<line number="56" hits="1"/>
						<line number="58" hits="1"/>
						<line number="59" hits="1"/>
						<line number="61" hits="1"/>
						<line number="62" hits="1"/>
						<line number="64" hits="1"/>
						<line number="65" hits="1"/>
						<line number="66" hits="1"/>
						<line number="69" hits="1"/>
						<line number="70" hits="1"/>
						<line number="71" hits="1"/>
						<line number="72" hits="1"/>
						<line number="73" hits="1"/>
						<line number="75" hits="1"/>
						<line number="77" hits="1"/>
						<line number="78" hits="0"/>
						<line number="81" hits="1"/>
						<line number="83" hits="1"/>
						<line number="84" hits="1"/>
						<line number="85" hits="1"/>
						<line number="87" hits="1"/>
						<line number="88" hits="1"/>
						<line number="89" hits="1"/>
						<line number="91" hits="1"/>
						<line number="97" hits="1"/>
						<line number="98" hits="1"/>
						<line number="100" hits="1"/>
						<line number="101" hits="1"/>
						<line number="103" hits="1"/>
						<line number="104" hits="1"/>
						<line number="106" hits="1"/>
						<line number="107" hits="1"/>
						<line number="109" hits="1"/>
						<line number="114" hits="1"/>
						<line number="115" hits="1"/>
						<line number="116" hits="1"/>
						<line number="118" hits="1"/>
						<line number="119" hits="1"/>
						<line number="121" hits="1"/>
						<line number="122" hits="1"/>
						<line number="129" hits="1"/>
						<line number="134" hits="1"/>
						<line number="140" hits="1"/>
						<line number="141" hits="1"/>
						<line number="142" hits="1"/>
						<line number="144" hits="1"/>
						<line number="145" hits="1"/>
						<line number="146" hits="1"/>
						<line number="147" hits="1"/>
						<line number="149" hits="1"/>
						<line number="150" hits="1"/>
						<line number="152" hits="1"/>
						<line number="153" hits="1"/>
						<line number="154" hits="1"/>
						<line number="155" hits="1"/>
						<line number="156" hits="1"/>
						<line number="158" hits="1"/>
						<line number="160" hits="1"/>
						<line number="161" hits="1"/>
						<line number="162" hits="1"/>
						<line number="164" hits="1"/>
						<line number="165" hits="1"/>
						<line number="166" hits="1"/>
						<line number="169" hits="1"/>
						<line number="170" hits="1"/>
						<line number="171" hits="1"/>
						<line number="172" hits="1"/>
						<line number="173" hits="1"/>
						<line number="175" hits="1"/>
						<line number="176" hits="1"/>
						<line number="178" hits="1"/>
						<line number="179" hits="1"/>
						<line number="180" hits="1"/>
						<line number="181" hits="1"/>
						<line number="183" hits="1"/>
						<line number="188" hits="1"/>
						<line number="196" hits="1"/>
						<line number="197" hits="1"/>
						<line number="198" hits="1"/>
						<line number="200" hits="1"/>
						<line number="201" hits="1"/>
						<line number="202" hits="1"/>
						<line number="204" hits="1"/>
						<line number="206" hits="1"/>
						<line number="207" hits="1"/>
						<line number="209" hits="1"/>
						<line number="210" hits="1"/>
						<line number="211" hits="1"/>
						<line number="212" hits="1"/>
						<line number="214" hits="1"/>
						<line number="215" hits="1"/>
						<line number="218" hits="1"/>
						<line number="219" hits="1"/>
						<line number="220" hits="1"/>
						<line number="221" hits="1"/>
						<line number="222" hits="1"/>
						<line number="223" hits="1"/>
						<line number="225" hits="1"/>
						<line number="226" hits="1"/>
						<line number="227" hits="1"/>
						<line number="228" hits="1"/>
						<line number="230" hits="1"/>
						<line number="231" hits="1"/>
						<line number="232" hits="1"/>
						<line number="234" hits="1"/>
						<line number="235" hits="1"/>
						<line number="237" hits="1"/>
						<line number="238" hits="1"/>
						<line number="240" hits="1"/>
						<line number="241" hits="1"/>
						<line number="242" hits="1"/>
						<line number="243" hits="1"/>
						<line number="245" hits="1"/>
						<line number="246" hits="1"/>
						<line number="247" hits="1"/>
						<line number="248" hits="1"/>
						<line number="249" hits="1"/>
						<line number="250" hits="1"/>
						<line number="252" hits="1"/>
						<line number="253" hits="1"/>
						<line number="254" hits="1"/>
						<line number="256" hits="1"/>
						<line number="257" hits="1"/>
						<line number="259" hits="1"/>
						<line number="260" hits="1"/>
						<line number="261" hits="1"/>
						<line number="262" hits="1"/>
						<line number="263" hits="1"/>
						<line number="264" hits="1"/>
						<line number="266" hits="1"/>
						<line number="267" hits="1"/>
						<line number="269" hits="1"/>
						<line number="270" hits="1"/>
						<line number="272" hits="1"/>
						<line number="273" hits="1"/>
						<line number="274" hits="1"/>
					</lines>
				</class>
				<class name="test_signup_dashboard.py" filename="tests/test_signup_dashboard.py" complexity="0" line-rate="1" branch-rate="1">
					<methods/>
					<lines>
						<line number="1" hits="1"/>
						<line number="3" hits="1"/>
						<line number="4" hits="1"/>
						<line number="6" hits="1"/>
						<line number="9" hits="1"/>
						<line number="16" hits="1"/>
						<line number="17" hits="1"/>
						<line number="20" hits="1"/>
						<line number="21" hits="1"/>
						<line number="22" hits="1"/>
						<line number="23" hits="1"/>
						<line number="24" hits="1"/>
						<line number="27" hits="1"/>
						<line number="28" hits="1"/>
						<line number="29" hits="1"/>
						<line number="30" hits="1"/>
						<line number="31" hits="1"/>
						<line number="32" hits="1"/>
						<line number="34" hits="1"/>
						<line number="45" hits="1"/>
						<line number="46" hits="1"/>
						<line number="47" hits="1"/>
						<line number="48" hits="1"/>
						<line number="50" hits="1"/>
						<line number="51" hits="1"/>
						<line number="53" hits="1"/>
						<line number="55" hits="1"/>
						<line number="66" hits="1"/>
						<line number="67" hits="1"/>
						<line number="69" hits="1"/>
						<line number="70" hits="1"/>
						<line number="72" hits="1"/>
						<line number="73" hits="1"/>
						<line number="74" hits="1"/>
						<line number="76" hits="1"/>
						<line number="77" hits="1"/>
						<line number="78" hits="1"/>
						<line number="80" hits="1"/>
						<line number="81" hits="1"/>
						<line number="82" hits="1"/>
						<line number="84" hits="1"/>
						<line number="85" hits="1"/>
						<line number="86" hits="1"/>
						<line number="88" hits="1"/>
						<line number="89" hits="1"/>
						<line number="90" hits="1"/>
					</lines>
				</class>
				<class name="test_smoke.py" filename="tests/test_smoke.py" complexity="0" line-rate="1" branch-rate="1">
					<methods/>
					<lines>
						<line number="1" hits="1"/>
						<line number="3" hits="1"/>
						<line number="4" hits="1"/>
						<line number="7" hits="1"/>
						<line number="16" hits="1"/>
						<line number="17" hits="1"/>
						<line number="18" hits="1"/>
						<line number="21" hits="1"/>
						<line number="28" hits="1"/>
					</lines>
				</class>
				<class name="test_team.py" filename="tests/test_team.py" complexity="0" line-rate="1" branch-rate="1">
					<methods/>
					<lines>
						<line number="1" hits="1"/>
						<line number="3" hits="1"/>
						<line number="4" hits="1"/>
						<line number="6" hits="1"/>
						<line number="8" hits="1"/>
						<line number="9" hits="1"/>
						<line number="10" hits="1"/>
						<line number="13" hits="1"/>
						<line number="14" hits="1"/>
						<line number="16" hits="1"/>
						<line number="17" hits="1"/>
						<line number="18" hits="1"/>
						<line number="19" hits="1"/>
						<line number="20" hits="1"/>
					</lines>
				</class>
				<class name="test_ui_login.py" filename="tests/test_ui_login.py" complexity="0" line-rate="0" branch-rate="1">
					<methods/>
					<lines>
						<line number="10" hits="0"/>
						<line number="13" hits="0"/>
						<line number="16" hits="0"/>
						<line number="18" hits="0"/>
						<line number="20" hits="0"/>
						<line number="26" hits="0"/>
						<line number="27" hits="0"/>
						<line number="29" hits="0"/>
					</lines>
				</class>
				<class name="test_urls.py" filename="tests/test_urls.py" complexity="0" line-rate="1" branch-rate="1">
					<methods/>
					<lines>
						<line number="1" hits="1"/>
						<line number="3" hits="1"/>
						<line number="5" hits="1"/>
						<line number="6" hits="1"/>
						<line number="7" hits="1"/>
						<line number="9" hits="1"/>
						<line number="10" hits="1"/>
						<line number="12" hits="1"/>
						<line number="14" hits="1"/>
						<line number="16" hits="1"/>
						<line number="18" hits="1"/>
						<line number="20" hits="1"/>
						<line number="22" hits="1"/>
						<line number="24" hits="1"/>
						<line number="26" hits="1"/>
						<line number="28" hits="1"/>
						<line number="32" hits="1"/>
					</lines>
				</class>
				<class name="test_user.py" filename="tests/test_user.py" complexity="0" line-rate="1" branch-rate="1">
					<methods/>
					<lines>
						<line number="1" hits="1"/>
						<line number="3" hits="1"/>
						<line number="4" hits="1"/>
						<line number="6" hits="1"/>
						<line number="8" hits="1"/>
						<line number="9" hits="1"/>
						<line number="10" hits="1"/>
						<line number="14" hits="1"/>
						<line number="15" hits="1"/>
						<line number="17" hits="1"/>
						<line number="18" hits="1"/>
						<line number="19" hits="1"/>
						<line number="30" hits="1"/>
						<line number="33" hits="1"/>
						<line number="34" hits="1"/>
						<line number="35" hits="1"/>
						<line number="37" hits="1"/>
						<line number="40" hits="1"/>
						<line number="41" hits="1"/>
						<line number="42" hits="1"/>
						<line number="43" hits="1"/>
						<line number="44" hits="1"/>
						<line number="45" hits="1"/>
						<line number="47" hits="1"/>
						<line number="49" hits="1"/>
						<line number="50" hits="1"/>
						<line number="52" hits="1"/>
						<line number="53" hits="1"/>
						<line number="54" hits="1"/>
						<line number="56" hits="1"/>
						<line number="57" hits="1"/>
						<line number="59" hits="1"/>
						<line number="61" hits="1"/>
						<line number="62" hits="1"/>
						<line number="64" hits="1"/>
						<line number="65" hits="1"/>
						<line number="66" hits="1"/>
						<line number="68" hits="1"/>
						<line number="70" hits="1"/>
						<line number="71" hits="1"/>
						<line number="72" hits="1"/>
						<line number="73" hits="1"/>
						<line number="75" hits="1"/>
						<line number="76" hits="1"/>
						<line number="77" hits="1"/>
						<line number="79" hits="1"/>
						<line number="81" hits="1"/>
						<line number="82" hits="1"/>
						<line number="84" hits="1"/>
						<line number="85" hits="1"/>
						<line number="87" hits="1"/>
						<line number="88" hits="1"/>
						<line number="90" hits="1"/>
						<line number="91" hits="1"/>
						<line number="93" hits="1"/>
						<line number="94" hits="1"/>
						<line number="95" hits="1"/>
						<line number="97" hits="1"/>
						<line number="98" hits="1"/>
						<line number="99" hits="1"/>
						<line number="101" hits="1"/>
						<line number="102" hits="1"/>
						<line number="103" hits="1"/>
						<line number="104" hits="1"/>
						<line number="105" hits="1"/>
						<line number="107" hits="1"/>
						<line number="108" hits="1"/>
						<line number="110" hits="1"/>
						<line number="111" hits="1"/>
					</lines>
				</class>
			</classes>
		</package>
	</packages>
</coverage>
